{"I:\\TO DO LIST\\backend\\controllers\\authController.js": {"path":"I:\\TO DO LIST\\backend\\controllers\\authController.js","statementMap":{"0":{"start":{"line":1,"column":15},"end":{"line":1,"column":34}},"1":{"start":{"line":2,"column":12},"end":{"line":2,"column":35}},"2":{"start":{"line":3,"column":13},"end":{"line":3,"column":38}},"3":{"start":{"line":4,"column":0},"end":{"line":4,"column":27}},"4":{"start":{"line":6,"column":19},"end":{"line":6,"column":84}},"5":{"start":{"line":8,"column":23},"end":{"line":283,"column":1}},"6":{"start":{"line":10,"column":4},"end":{"line":104,"column":5}},"7":{"start":{"line":11,"column":6},"end":{"line":11,"column":53}},"8":{"start":{"line":12,"column":6},"end":{"line":12,"column":48}},"9":{"start":{"line":14,"column":44},"end":{"line":14,"column":52}},"10":{"start":{"line":17,"column":6},"end":{"line":20,"column":7}},"11":{"start":{"line":18,"column":8},"end":{"line":18,"column":49}},"12":{"start":{"line":19,"column":8},"end":{"line":19,"column":105}},"13":{"start":{"line":23,"column":6},"end":{"line":23,"column":60}},"14":{"start":{"line":25,"column":6},"end":{"line":39,"column":7}},"15":{"start":{"line":26,"column":8},"end":{"line":26,"column":53}},"16":{"start":{"line":27,"column":8},"end":{"line":27,"column":81}},"17":{"start":{"line":29,"column":8},"end":{"line":29,"column":75}},"18":{"start":{"line":30,"column":8},"end":{"line":30,"column":47}},"19":{"start":{"line":31,"column":8},"end":{"line":31,"column":45}},"20":{"start":{"line":32,"column":8},"end":{"line":32,"column":50}},"21":{"start":{"line":33,"column":8},"end":{"line":33,"column":47}},"22":{"start":{"line":34,"column":8},"end":{"line":38,"column":11}},"23":{"start":{"line":41,"column":6},"end":{"line":44,"column":7}},"24":{"start":{"line":42,"column":8},"end":{"line":42,"column":47}},"25":{"start":{"line":43,"column":8},"end":{"line":43,"column":95}},"26":{"start":{"line":47,"column":6},"end":{"line":47,"column":52}},"27":{"start":{"line":49,"column":6},"end":{"line":59,"column":7}},"28":{"start":{"line":50,"column":21},"end":{"line":50,"column":45}},"29":{"start":{"line":51,"column":8},"end":{"line":51,"column":59}},"30":{"start":{"line":52,"column":8},"end":{"line":52,"column":54}},"31":{"start":{"line":54,"column":8},"end":{"line":54,"column":69}},"32":{"start":{"line":55,"column":8},"end":{"line":58,"column":11}},"33":{"start":{"line":62,"column":6},"end":{"line":62,"column":61}},"34":{"start":{"line":64,"column":6},"end":{"line":82,"column":7}},"35":{"start":{"line":65,"column":8},"end":{"line":69,"column":11}},"36":{"start":{"line":70,"column":8},"end":{"line":70,"column":88}},"37":{"start":{"line":72,"column":8},"end":{"line":72,"column":79}},"38":{"start":{"line":73,"column":8},"end":{"line":73,"column":51}},"39":{"start":{"line":74,"column":8},"end":{"line":74,"column":49}},"40":{"start":{"line":75,"column":8},"end":{"line":75,"column":54}},"41":{"start":{"line":76,"column":8},"end":{"line":76,"column":51}},"42":{"start":{"line":77,"column":8},"end":{"line":81,"column":11}},"43":{"start":{"line":84,"column":6},"end":{"line":84,"column":42}},"44":{"start":{"line":85,"column":6},"end":{"line":92,"column":9}},"45":{"start":{"line":94,"column":6},"end":{"line":94,"column":57}},"46":{"start":{"line":95,"column":6},"end":{"line":95,"column":47}},"47":{"start":{"line":96,"column":6},"end":{"line":96,"column":43}},"48":{"start":{"line":97,"column":6},"end":{"line":97,"column":41}},"49":{"start":{"line":98,"column":6},"end":{"line":98,"column":43}},"50":{"start":{"line":99,"column":6},"end":{"line":103,"column":9}},"51":{"start":{"line":108,"column":4},"end":{"line":199,"column":5}},"52":{"start":{"line":109,"column":6},"end":{"line":109,"column":50}},"53":{"start":{"line":110,"column":6},"end":{"line":110,"column":48}},"54":{"start":{"line":112,"column":34},"end":{"line":112,"column":42}},"55":{"start":{"line":115,"column":6},"end":{"line":118,"column":7}},"56":{"start":{"line":116,"column":8},"end":{"line":116,"column":51}},"57":{"start":{"line":117,"column":8},"end":{"line":117,"column":84}},"58":{"start":{"line":121,"column":6},"end":{"line":121,"column":57}},"59":{"start":{"line":123,"column":6},"end":{"line":137,"column":7}},"60":{"start":{"line":124,"column":8},"end":{"line":124,"column":45}},"61":{"start":{"line":125,"column":8},"end":{"line":125,"column":78}},"62":{"start":{"line":127,"column":8},"end":{"line":127,"column":72}},"63":{"start":{"line":128,"column":8},"end":{"line":128,"column":47}},"64":{"start":{"line":129,"column":8},"end":{"line":129,"column":45}},"65":{"start":{"line":130,"column":8},"end":{"line":130,"column":50}},"66":{"start":{"line":131,"column":8},"end":{"line":131,"column":47}},"67":{"start":{"line":132,"column":8},"end":{"line":136,"column":11}},"68":{"start":{"line":139,"column":6},"end":{"line":142,"column":7}},"69":{"start":{"line":140,"column":8},"end":{"line":140,"column":40}},"70":{"start":{"line":141,"column":8},"end":{"line":141,"column":79}},"71":{"start":{"line":145,"column":6},"end":{"line":145,"column":54}},"72":{"start":{"line":147,"column":6},"end":{"line":156,"column":7}},"73":{"start":{"line":148,"column":8},"end":{"line":148,"column":64}},"74":{"start":{"line":149,"column":8},"end":{"line":149,"column":88}},"75":{"start":{"line":151,"column":8},"end":{"line":151,"column":75}},"76":{"start":{"line":152,"column":8},"end":{"line":155,"column":11}},"77":{"start":{"line":158,"column":6},"end":{"line":161,"column":7}},"78":{"start":{"line":159,"column":8},"end":{"line":159,"column":43}},"79":{"start":{"line":160,"column":8},"end":{"line":160,"column":79}},"80":{"start":{"line":164,"column":6},"end":{"line":164,"column":56}},"81":{"start":{"line":165,"column":6},"end":{"line":187,"column":7}},"82":{"start":{"line":166,"column":22},"end":{"line":170,"column":9}},"83":{"start":{"line":171,"column":8},"end":{"line":171,"column":58}},"84":{"start":{"line":173,"column":56},"end":{"line":173,"column":60}},"85":{"start":{"line":175,"column":8},"end":{"line":175,"column":41}},"86":{"start":{"line":176,"column":8},"end":{"line":180,"column":11}},"87":{"start":{"line":182,"column":8},"end":{"line":182,"column":70}},"88":{"start":{"line":183,"column":8},"end":{"line":186,"column":11}},"89":{"start":{"line":189,"column":6},"end":{"line":189,"column":54}},"90":{"start":{"line":190,"column":6},"end":{"line":190,"column":47}},"91":{"start":{"line":191,"column":6},"end":{"line":191,"column":43}},"92":{"start":{"line":192,"column":6},"end":{"line":192,"column":41}},"93":{"start":{"line":193,"column":6},"end":{"line":193,"column":43}},"94":{"start":{"line":194,"column":6},"end":{"line":198,"column":9}},"95":{"start":{"line":203,"column":4},"end":{"line":212,"column":5}},"96":{"start":{"line":204,"column":19},"end":{"line":204,"column":51}},"97":{"start":{"line":205,"column":6},"end":{"line":207,"column":7}},"98":{"start":{"line":206,"column":8},"end":{"line":206,"column":74}},"99":{"start":{"line":208,"column":6},"end":{"line":208,"column":37}},"100":{"start":{"line":210,"column":6},"end":{"line":210,"column":49}},"101":{"start":{"line":211,"column":6},"end":{"line":211,"column":96}},"102":{"start":{"line":216,"column":4},"end":{"line":244,"column":5}},"103":{"start":{"line":217,"column":41},"end":{"line":217,"column":49}},"104":{"start":{"line":218,"column":21},"end":{"line":218,"column":32}},"105":{"start":{"line":220,"column":6},"end":{"line":222,"column":7}},"106":{"start":{"line":221,"column":8},"end":{"line":221,"column":88}},"107":{"start":{"line":225,"column":25},"end":{"line":225,"column":53}},"108":{"start":{"line":226,"column":6},"end":{"line":228,"column":7}},"109":{"start":{"line":227,"column":8},"end":{"line":227,"column":78}},"110":{"start":{"line":231,"column":27},"end":{"line":231,"column":56}},"111":{"start":{"line":232,"column":6},"end":{"line":234,"column":7}},"112":{"start":{"line":233,"column":8},"end":{"line":233,"column":90}},"113":{"start":{"line":236,"column":26},"end":{"line":236,"column":86}},"114":{"start":{"line":237,"column":6},"end":{"line":240,"column":9}},"115":{"start":{"line":242,"column":6},"end":{"line":242,"column":52}},"116":{"start":{"line":243,"column":6},"end":{"line":243,"column":98}},"117":{"start":{"line":248,"column":4},"end":{"line":281,"column":5}},"118":{"start":{"line":249,"column":43},"end":{"line":249,"column":51}},"119":{"start":{"line":250,"column":21},"end":{"line":250,"column":32}},"120":{"start":{"line":252,"column":6},"end":{"line":254,"column":7}},"121":{"start":{"line":253,"column":8},"end":{"line":253,"column":97}},"122":{"start":{"line":256,"column":6},"end":{"line":258,"column":7}},"123":{"start":{"line":257,"column":8},"end":{"line":257,"column":99}},"124":{"start":{"line":261,"column":25},"end":{"line":261,"column":115}},"125":{"start":{"line":262,"column":19},"end":{"line":262,"column":30}},"126":{"start":{"line":263,"column":6},"end":{"line":265,"column":7}},"127":{"start":{"line":264,"column":8},"end":{"line":264,"column":74}},"128":{"start":{"line":267,"column":22},"end":{"line":267,"column":70}},"129":{"start":{"line":268,"column":6},"end":{"line":270,"column":7}},"130":{"start":{"line":269,"column":8},"end":{"line":269,"column":73}},"131":{"start":{"line":273,"column":19},"end":{"line":273,"column":43}},"132":{"start":{"line":274,"column":29},"end":{"line":274,"column":65}},"133":{"start":{"line":276,"column":6},"end":{"line":276,"column":56}},"134":{"start":{"line":277,"column":6},"end":{"line":277,"column":69}},"135":{"start":{"line":279,"column":6},"end":{"line":279,"column":53}},"136":{"start":{"line":280,"column":6},"end":{"line":280,"column":97}},"137":{"start":{"line":285,"column":0},"end":{"line":285,"column":32}}},"fnMap":{"0":{"name":"(anonymous_0)","decl":{"start":{"line":9,"column":2},"end":{"line":9,"column":3}},"loc":{"start":{"line":9,"column":27},"end":{"line":105,"column":3}},"line":9},"1":{"name":"(anonymous_1)","decl":{"start":{"line":107,"column":2},"end":{"line":107,"column":3}},"loc":{"start":{"line":107,"column":24},"end":{"line":200,"column":3}},"line":107},"2":{"name":"(anonymous_2)","decl":{"start":{"line":202,"column":2},"end":{"line":202,"column":3}},"loc":{"start":{"line":202,"column":29},"end":{"line":213,"column":3}},"line":202},"3":{"name":"(anonymous_3)","decl":{"start":{"line":215,"column":2},"end":{"line":215,"column":3}},"loc":{"start":{"line":215,"column":32},"end":{"line":245,"column":3}},"line":215},"4":{"name":"(anonymous_4)","decl":{"start":{"line":247,"column":2},"end":{"line":247,"column":3}},"loc":{"start":{"line":247,"column":33},"end":{"line":282,"column":3}},"line":247}},"branchMap":{"0":{"loc":{"start":{"line":6,"column":19},"end":{"line":6,"column":84}},"type":"binary-expr","locations":[{"start":{"line":6,"column":19},"end":{"line":6,"column":41}},{"start":{"line":6,"column":45},"end":{"line":6,"column":84}}],"line":6},"1":{"loc":{"start":{"line":17,"column":6},"end":{"line":20,"column":7}},"type":"if","locations":[{"start":{"line":17,"column":6},"end":{"line":20,"column":7}},{"start":{},"end":{}}],"line":17},"2":{"loc":{"start":{"line":17,"column":10},"end":{"line":17,"column":42}},"type":"binary-expr","locations":[{"start":{"line":17,"column":10},"end":{"line":17,"column":19}},{"start":{"line":17,"column":23},"end":{"line":17,"column":29}},{"start":{"line":17,"column":33},"end":{"line":17,"column":42}}],"line":17},"3":{"loc":{"start":{"line":27,"column":48},"end":{"line":27,"column":79}},"type":"cond-expr","locations":[{"start":{"line":27,"column":63},"end":{"line":27,"column":71}},{"start":{"line":27,"column":74},"end":{"line":27,"column":79}}],"line":27},"4":{"loc":{"start":{"line":41,"column":6},"end":{"line":44,"column":7}},"type":"if","locations":[{"start":{"line":41,"column":6},"end":{"line":44,"column":7}},{"start":{},"end":{}}],"line":41},"5":{"loc":{"start":{"line":115,"column":6},"end":{"line":118,"column":7}},"type":"if","locations":[{"start":{"line":115,"column":6},"end":{"line":118,"column":7}},{"start":{},"end":{}}],"line":115},"6":{"loc":{"start":{"line":115,"column":10},"end":{"line":115,"column":29}},"type":"binary-expr","locations":[{"start":{"line":115,"column":10},"end":{"line":115,"column":16}},{"start":{"line":115,"column":20},"end":{"line":115,"column":29}}],"line":115},"7":{"loc":{"start":{"line":125,"column":48},"end":{"line":125,"column":76}},"type":"cond-expr","locations":[{"start":{"line":125,"column":55},"end":{"line":125,"column":62}},{"start":{"line":125,"column":65},"end":{"line":125,"column":76}}],"line":125},"8":{"loc":{"start":{"line":139,"column":6},"end":{"line":142,"column":7}},"type":"if","locations":[{"start":{"line":139,"column":6},"end":{"line":142,"column":7}},{"start":{},"end":{}}],"line":139},"9":{"loc":{"start":{"line":149,"column":56},"end":{"line":149,"column":86}},"type":"cond-expr","locations":[{"start":{"line":149,"column":66},"end":{"line":149,"column":73}},{"start":{"line":149,"column":76},"end":{"line":149,"column":86}}],"line":149},"10":{"loc":{"start":{"line":158,"column":6},"end":{"line":161,"column":7}},"type":"if","locations":[{"start":{"line":158,"column":6},"end":{"line":161,"column":7}},{"start":{},"end":{}}],"line":158},"11":{"loc":{"start":{"line":205,"column":6},"end":{"line":207,"column":7}},"type":"if","locations":[{"start":{"line":205,"column":6},"end":{"line":207,"column":7}},{"start":{},"end":{}}],"line":205},"12":{"loc":{"start":{"line":220,"column":6},"end":{"line":222,"column":7}},"type":"if","locations":[{"start":{"line":220,"column":6},"end":{"line":222,"column":7}},{"start":{},"end":{}}],"line":220},"13":{"loc":{"start":{"line":220,"column":10},"end":{"line":220,"column":29}},"type":"binary-expr","locations":[{"start":{"line":220,"column":10},"end":{"line":220,"column":19}},{"start":{"line":220,"column":23},"end":{"line":220,"column":29}}],"line":220},"14":{"loc":{"start":{"line":226,"column":6},"end":{"line":228,"column":7}},"type":"if","locations":[{"start":{"line":226,"column":6},"end":{"line":228,"column":7}},{"start":{},"end":{}}],"line":226},"15":{"loc":{"start":{"line":232,"column":6},"end":{"line":234,"column":7}},"type":"if","locations":[{"start":{"line":232,"column":6},"end":{"line":234,"column":7}},{"start":{},"end":{}}],"line":232},"16":{"loc":{"start":{"line":232,"column":10},"end":{"line":232,"column":52}},"type":"binary-expr","locations":[{"start":{"line":232,"column":10},"end":{"line":232,"column":22}},{"start":{"line":232,"column":26},"end":{"line":232,"column":52}}],"line":232},"17":{"loc":{"start":{"line":252,"column":6},"end":{"line":254,"column":7}},"type":"if","locations":[{"start":{"line":252,"column":6},"end":{"line":254,"column":7}},{"start":{},"end":{}}],"line":252},"18":{"loc":{"start":{"line":252,"column":10},"end":{"line":252,"column":38}},"type":"binary-expr","locations":[{"start":{"line":252,"column":10},"end":{"line":252,"column":22}},{"start":{"line":252,"column":26},"end":{"line":252,"column":38}}],"line":252},"19":{"loc":{"start":{"line":256,"column":6},"end":{"line":258,"column":7}},"type":"if","locations":[{"start":{"line":256,"column":6},"end":{"line":258,"column":7}},{"start":{},"end":{}}],"line":256},"20":{"loc":{"start":{"line":263,"column":6},"end":{"line":265,"column":7}},"type":"if","locations":[{"start":{"line":263,"column":6},"end":{"line":265,"column":7}},{"start":{},"end":{}}],"line":263},"21":{"loc":{"start":{"line":268,"column":6},"end":{"line":270,"column":7}},"type":"if","locations":[{"start":{"line":268,"column":6},"end":{"line":270,"column":7}},{"start":{},"end":{}}],"line":268}},"s":{"0":2,"1":2,"2":2,"3":2,"4":2,"5":2,"6":2,"7":2,"8":2,"9":2,"10":2,"11":0,"12":0,"13":2,"14":2,"15":2,"16":2,"17":0,"18":0,"19":0,"20":0,"21":0,"22":0,"23":2,"24":1,"25":1,"26":1,"27":1,"28":1,"29":1,"30":1,"31":0,"32":0,"33":1,"34":1,"35":1,"36":1,"37":0,"38":0,"39":0,"40":0,"41":0,"42":0,"43":1,"44":1,"45":0,"46":0,"47":0,"48":0,"49":0,"50":0,"51":3,"52":3,"53":3,"54":3,"55":3,"56":0,"57":0,"58":3,"59":3,"60":3,"61":3,"62":0,"63":0,"64":0,"65":0,"66":0,"67":0,"68":3,"69":1,"70":1,"71":2,"72":2,"73":2,"74":2,"75":0,"76":0,"77":2,"78":1,"79":1,"80":1,"81":1,"82":1,"83":1,"84":1,"85":1,"86":1,"87":0,"88":0,"89":0,"90":0,"91":0,"92":0,"93":0,"94":0,"95":1,"96":1,"97":1,"98":0,"99":1,"100":0,"101":0,"102":1,"103":1,"104":1,"105":1,"106":0,"107":1,"108":1,"109":0,"110":1,"111":1,"112":0,"113":1,"114":1,"115":0,"116":0,"117":1,"118":1,"119":1,"120":1,"121":0,"122":1,"123":0,"124":1,"125":1,"126":1,"127":0,"128":1,"129":1,"130":0,"131":1,"132":1,"133":1,"134":1,"135":0,"136":0,"137":2},"f":{"0":2,"1":3,"2":1,"3":1,"4":1},"b":{"0":[2,0],"1":[0,2],"2":[2,2,2],"3":[1,1],"4":[1,1],"5":[0,3],"6":[3,3],"7":[2,1],"8":[1,2],"9":[1,1],"10":[1,1],"11":[0,1],"12":[0,1],"13":[1,1],"14":[0,1],"15":[0,1],"16":[1,1],"17":[0,1],"18":[1,1],"19":[0,1],"20":[0,1],"21":[0,1]},"_coverageSchema":"1a1c01bbd47fc00a2c39e90264f33305004495a9","hash":"d8b42c8bc9454352a420e09b758f8e98c3f21e15"}
,"I:\\TO DO LIST\\backend\\controllers\\categoryController.js": {"path":"I:\\TO DO LIST\\backend\\controllers\\categoryController.js","statementMap":{"0":{"start":{"line":1,"column":17},"end":{"line":1,"column":46}},"1":{"start":{"line":3,"column":27},"end":{"line":84,"column":1}},"2":{"start":{"line":5,"column":4},"end":{"line":12,"column":5}},"3":{"start":{"line":6,"column":21},"end":{"line":6,"column":32}},"4":{"start":{"line":7,"column":25},"end":{"line":7,"column":63}},"5":{"start":{"line":8,"column":6},"end":{"line":8,"column":43}},"6":{"start":{"line":10,"column":6},"end":{"line":10,"column":52}},"7":{"start":{"line":11,"column":6},"end":{"line":11,"column":91}},"8":{"start":{"line":16,"column":4},"end":{"line":34,"column":5}},"9":{"start":{"line":17,"column":21},"end":{"line":17,"column":32}},"10":{"start":{"line":18,"column":36},"end":{"line":18,"column":44}},"11":{"start":{"line":20,"column":26},"end":{"line":25,"column":8}},"12":{"start":{"line":27,"column":6},"end":{"line":30,"column":9}},"13":{"start":{"line":32,"column":6},"end":{"line":32,"column":53}},"14":{"start":{"line":33,"column":6},"end":{"line":33,"column":84}},"15":{"start":{"line":38,"column":4},"end":{"line":60,"column":5}},"16":{"start":{"line":39,"column":21},"end":{"line":39,"column":32}},"17":{"start":{"line":40,"column":25},"end":{"line":40,"column":38}},"18":{"start":{"line":41,"column":36},"end":{"line":41,"column":44}},"19":{"start":{"line":44,"column":23},"end":{"line":44,"column":58}},"20":{"start":{"line":45,"column":6},"end":{"line":47,"column":7}},"21":{"start":{"line":46,"column":8},"end":{"line":46,"column":78}},"22":{"start":{"line":48,"column":6},"end":{"line":50,"column":7}},"23":{"start":{"line":49,"column":8},"end":{"line":49,"column":111}},"24":{"start":{"line":52,"column":30},"end":{"line":52,"column":94}},"25":{"start":{"line":53,"column":6},"end":{"line":56,"column":9}},"26":{"start":{"line":58,"column":6},"end":{"line":58,"column":53}},"27":{"start":{"line":59,"column":6},"end":{"line":59,"column":88}},"28":{"start":{"line":64,"column":4},"end":{"line":82,"column":5}},"29":{"start":{"line":65,"column":21},"end":{"line":65,"column":32}},"30":{"start":{"line":66,"column":25},"end":{"line":66,"column":38}},"31":{"start":{"line":69,"column":23},"end":{"line":69,"column":58}},"32":{"start":{"line":70,"column":6},"end":{"line":72,"column":7}},"33":{"start":{"line":71,"column":8},"end":{"line":71,"column":78}},"34":{"start":{"line":73,"column":6},"end":{"line":75,"column":7}},"35":{"start":{"line":74,"column":8},"end":{"line":74,"column":112}},"36":{"start":{"line":77,"column":6},"end":{"line":77,"column":48}},"37":{"start":{"line":78,"column":6},"end":{"line":78,"column":70}},"38":{"start":{"line":80,"column":6},"end":{"line":80,"column":53}},"39":{"start":{"line":81,"column":6},"end":{"line":81,"column":86}},"40":{"start":{"line":86,"column":0},"end":{"line":86,"column":36}}},"fnMap":{"0":{"name":"(anonymous_0)","decl":{"start":{"line":4,"column":2},"end":{"line":4,"column":3}},"loc":{"start":{"line":4,"column":32},"end":{"line":13,"column":3}},"line":4},"1":{"name":"(anonymous_1)","decl":{"start":{"line":15,"column":2},"end":{"line":15,"column":3}},"loc":{"start":{"line":15,"column":33},"end":{"line":35,"column":3}},"line":15},"2":{"name":"(anonymous_2)","decl":{"start":{"line":37,"column":2},"end":{"line":37,"column":3}},"loc":{"start":{"line":37,"column":33},"end":{"line":61,"column":3}},"line":37},"3":{"name":"(anonymous_3)","decl":{"start":{"line":63,"column":2},"end":{"line":63,"column":3}},"loc":{"start":{"line":63,"column":33},"end":{"line":83,"column":3}},"line":63}},"branchMap":{"0":{"loc":{"start":{"line":45,"column":6},"end":{"line":47,"column":7}},"type":"if","locations":[{"start":{"line":45,"column":6},"end":{"line":47,"column":7}},{"start":{},"end":{}}],"line":45},"1":{"loc":{"start":{"line":48,"column":6},"end":{"line":50,"column":7}},"type":"if","locations":[{"start":{"line":48,"column":6},"end":{"line":50,"column":7}},{"start":{},"end":{}}],"line":48},"2":{"loc":{"start":{"line":70,"column":6},"end":{"line":72,"column":7}},"type":"if","locations":[{"start":{"line":70,"column":6},"end":{"line":72,"column":7}},{"start":{},"end":{}}],"line":70},"3":{"loc":{"start":{"line":73,"column":6},"end":{"line":75,"column":7}},"type":"if","locations":[{"start":{"line":73,"column":6},"end":{"line":75,"column":7}},{"start":{},"end":{}}],"line":73}},"s":{"0":2,"1":2,"2":0,"3":0,"4":0,"5":0,"6":0,"7":0,"8":0,"9":0,"10":0,"11":0,"12":0,"13":0,"14":0,"15":0,"16":0,"17":0,"18":0,"19":0,"20":0,"21":0,"22":0,"23":0,"24":0,"25":0,"26":0,"27":0,"28":0,"29":0,"30":0,"31":0,"32":0,"33":0,"34":0,"35":0,"36":0,"37":0,"38":0,"39":0,"40":2},"f":{"0":0,"1":0,"2":0,"3":0},"b":{"0":[0,0],"1":[0,0],"2":[0,0],"3":[0,0]},"_coverageSchema":"1a1c01bbd47fc00a2c39e90264f33305004495a9","hash":"087c50f09f486daf672dbfb10743dc1599b5c4e0"}
,"I:\\TO DO LIST\\backend\\controllers\\notificationController.js": {"path":"I:\\TO DO LIST\\backend\\controllers\\notificationController.js","statementMap":{"0":{"start":{"line":1,"column":21},"end":{"line":1,"column":54}},"1":{"start":{"line":3,"column":31},"end":{"line":90,"column":1}},"2":{"start":{"line":5,"column":4},"end":{"line":12,"column":5}},"3":{"start":{"line":6,"column":21},"end":{"line":6,"column":32}},"4":{"start":{"line":7,"column":28},"end":{"line":7,"column":70}},"5":{"start":{"line":8,"column":6},"end":{"line":8,"column":46}},"6":{"start":{"line":10,"column":6},"end":{"line":10,"column":55}},"7":{"start":{"line":11,"column":6},"end":{"line":11,"column":96}},"8":{"start":{"line":16,"column":4},"end":{"line":25,"column":5}},"9":{"start":{"line":17,"column":21},"end":{"line":17,"column":32}},"10":{"start":{"line":18,"column":29},"end":{"line":18,"column":42}},"11":{"start":{"line":20,"column":6},"end":{"line":20,"column":60}},"12":{"start":{"line":21,"column":6},"end":{"line":21,"column":85}},"13":{"start":{"line":23,"column":6},"end":{"line":23,"column":50}},"14":{"start":{"line":24,"column":6},"end":{"line":24,"column":97}},"15":{"start":{"line":29,"column":4},"end":{"line":37,"column":5}},"16":{"start":{"line":30,"column":21},"end":{"line":30,"column":32}},"17":{"start":{"line":32,"column":6},"end":{"line":32,"column":47}},"18":{"start":{"line":33,"column":6},"end":{"line":33,"column":91}},"19":{"start":{"line":35,"column":6},"end":{"line":35,"column":54}},"20":{"start":{"line":36,"column":6},"end":{"line":36,"column":97}},"21":{"start":{"line":41,"column":4},"end":{"line":50,"column":5}},"22":{"start":{"line":42,"column":21},"end":{"line":42,"column":32}},"23":{"start":{"line":43,"column":29},"end":{"line":43,"column":42}},"24":{"start":{"line":45,"column":6},"end":{"line":45,"column":56}},"25":{"start":{"line":46,"column":6},"end":{"line":46,"column":72}},"26":{"start":{"line":48,"column":6},"end":{"line":48,"column":57}},"27":{"start":{"line":49,"column":6},"end":{"line":49,"column":88}},"28":{"start":{"line":54,"column":4},"end":{"line":62,"column":5}},"29":{"start":{"line":55,"column":21},"end":{"line":55,"column":32}},"30":{"start":{"line":57,"column":6},"end":{"line":57,"column":43}},"31":{"start":{"line":58,"column":6},"end":{"line":58,"column":86}},"32":{"start":{"line":60,"column":6},"end":{"line":60,"column":62}},"33":{"start":{"line":61,"column":6},"end":{"line":61,"column":94}},"34":{"start":{"line":66,"column":4},"end":{"line":88,"column":5}},"35":{"start":{"line":67,"column":21},"end":{"line":67,"column":32}},"36":{"start":{"line":68,"column":42},"end":{"line":68,"column":50}},"37":{"start":{"line":70,"column":6},"end":{"line":72,"column":7}},"38":{"start":{"line":71,"column":8},"end":{"line":71,"column":96}},"39":{"start":{"line":74,"column":27},"end":{"line":79,"column":8}},"40":{"start":{"line":81,"column":6},"end":{"line":84,"column":9}},"41":{"start":{"line":86,"column":6},"end":{"line":86,"column":61}},"42":{"start":{"line":87,"column":6},"end":{"line":87,"column":91}},"43":{"start":{"line":92,"column":0},"end":{"line":92,"column":40}}},"fnMap":{"0":{"name":"(anonymous_0)","decl":{"start":{"line":4,"column":2},"end":{"line":4,"column":3}},"loc":{"start":{"line":4,"column":35},"end":{"line":13,"column":3}},"line":4},"1":{"name":"(anonymous_1)","decl":{"start":{"line":15,"column":2},"end":{"line":15,"column":3}},"loc":{"start":{"line":15,"column":29},"end":{"line":26,"column":3}},"line":15},"2":{"name":"(anonymous_2)","decl":{"start":{"line":28,"column":2},"end":{"line":28,"column":3}},"loc":{"start":{"line":28,"column":32},"end":{"line":38,"column":3}},"line":28},"3":{"name":"(anonymous_3)","decl":{"start":{"line":40,"column":2},"end":{"line":40,"column":3}},"loc":{"start":{"line":40,"column":37},"end":{"line":51,"column":3}},"line":40},"4":{"name":"(anonymous_4)","decl":{"start":{"line":53,"column":2},"end":{"line":53,"column":3}},"loc":{"start":{"line":53,"column":41},"end":{"line":63,"column":3}},"line":53},"5":{"name":"(anonymous_5)","decl":{"start":{"line":65,"column":2},"end":{"line":65,"column":3}},"loc":{"start":{"line":65,"column":37},"end":{"line":89,"column":3}},"line":65}},"branchMap":{"0":{"loc":{"start":{"line":70,"column":6},"end":{"line":72,"column":7}},"type":"if","locations":[{"start":{"line":70,"column":6},"end":{"line":72,"column":7}},{"start":{},"end":{}}],"line":70},"1":{"loc":{"start":{"line":70,"column":10},"end":{"line":70,"column":28}},"type":"binary-expr","locations":[{"start":{"line":70,"column":10},"end":{"line":70,"column":16}},{"start":{"line":70,"column":20},"end":{"line":70,"column":28}}],"line":70}},"s":{"0":2,"1":2,"2":0,"3":0,"4":0,"5":0,"6":0,"7":0,"8":0,"9":0,"10":0,"11":0,"12":0,"13":0,"14":0,"15":0,"16":0,"17":0,"18":0,"19":0,"20":0,"21":0,"22":0,"23":0,"24":0,"25":0,"26":0,"27":0,"28":0,"29":0,"30":0,"31":0,"32":0,"33":0,"34":0,"35":0,"36":0,"37":0,"38":0,"39":0,"40":0,"41":0,"42":0,"43":2},"f":{"0":0,"1":0,"2":0,"3":0,"4":0,"5":0},"b":{"0":[0,0],"1":[0,0]},"_coverageSchema":"1a1c01bbd47fc00a2c39e90264f33305004495a9","hash":"04cbad757972801594c1d3e000b091abc9644135"}
,"I:\\TO DO LIST\\backend\\controllers\\taskController.js": {"path":"I:\\TO DO LIST\\backend\\controllers\\taskController.js","statementMap":{"0":{"start":{"line":1,"column":13},"end":{"line":1,"column":38}},"1":{"start":{"line":3,"column":23},"end":{"line":157,"column":1}},"2":{"start":{"line":5,"column":4},"end":{"line":17,"column":5}},"3":{"start":{"line":6,"column":21},"end":{"line":6,"column":32}},"4":{"start":{"line":7,"column":85},"end":{"line":7,"column":94}},"5":{"start":{"line":9,"column":22},"end":{"line":9,"column":84}},"6":{"start":{"line":10,"column":22},"end":{"line":10,"column":32}},"7":{"start":{"line":12,"column":20},"end":{"line":12,"column":64}},"8":{"start":{"line":13,"column":6},"end":{"line":13,"column":38}},"9":{"start":{"line":15,"column":6},"end":{"line":15,"column":47}},"10":{"start":{"line":16,"column":6},"end":{"line":16,"column":88}},"11":{"start":{"line":21,"column":4},"end":{"line":34,"column":5}},"12":{"start":{"line":22,"column":21},"end":{"line":22,"column":32}},"13":{"start":{"line":23,"column":21},"end":{"line":23,"column":34}},"14":{"start":{"line":25,"column":19},"end":{"line":25,"column":54}},"15":{"start":{"line":26,"column":6},"end":{"line":28,"column":7}},"16":{"start":{"line":27,"column":8},"end":{"line":27,"column":75}},"17":{"start":{"line":30,"column":6},"end":{"line":30,"column":37}},"18":{"start":{"line":32,"column":6},"end":{"line":32,"column":52}},"19":{"start":{"line":33,"column":6},"end":{"line":33,"column":90}},"20":{"start":{"line":38,"column":4},"end":{"line":62,"column":5}},"21":{"start":{"line":39,"column":21},"end":{"line":39,"column":32}},"22":{"start":{"line":40,"column":132},"end":{"line":40,"column":140}},"23":{"start":{"line":42,"column":22},"end":{"line":53,"column":8}},"24":{"start":{"line":55,"column":6},"end":{"line":58,"column":9}},"25":{"start":{"line":60,"column":6},"end":{"line":60,"column":49}},"26":{"start":{"line":61,"column":6},"end":{"line":61,"column":85}},"27":{"start":{"line":66,"column":4},"end":{"line":85,"column":5}},"28":{"start":{"line":67,"column":21},"end":{"line":67,"column":32}},"29":{"start":{"line":68,"column":21},"end":{"line":68,"column":34}},"30":{"start":{"line":69,"column":22},"end":{"line":69,"column":30}},"31":{"start":{"line":72,"column":19},"end":{"line":72,"column":54}},"32":{"start":{"line":73,"column":6},"end":{"line":75,"column":7}},"33":{"start":{"line":74,"column":8},"end":{"line":74,"column":75}},"34":{"start":{"line":77,"column":26},"end":{"line":77,"column":68}},"35":{"start":{"line":78,"column":6},"end":{"line":81,"column":9}},"36":{"start":{"line":83,"column":6},"end":{"line":83,"column":49}},"37":{"start":{"line":84,"column":6},"end":{"line":84,"column":85}},"38":{"start":{"line":89,"column":4},"end":{"line":108,"column":5}},"39":{"start":{"line":90,"column":21},"end":{"line":90,"column":32}},"40":{"start":{"line":91,"column":21},"end":{"line":91,"column":34}},"41":{"start":{"line":92,"column":30},"end":{"line":92,"column":38}},"42":{"start":{"line":95,"column":19},"end":{"line":95,"column":54}},"43":{"start":{"line":96,"column":6},"end":{"line":98,"column":7}},"44":{"start":{"line":97,"column":8},"end":{"line":97,"column":75}},"45":{"start":{"line":100,"column":26},"end":{"line":100,"column":80}},"46":{"start":{"line":101,"column":6},"end":{"line":104,"column":9}},"47":{"start":{"line":106,"column":6},"end":{"line":106,"column":53}},"48":{"start":{"line":107,"column":6},"end":{"line":107,"column":89}},"49":{"start":{"line":112,"column":4},"end":{"line":127,"column":5}},"50":{"start":{"line":113,"column":21},"end":{"line":113,"column":32}},"51":{"start":{"line":114,"column":21},"end":{"line":114,"column":34}},"52":{"start":{"line":117,"column":19},"end":{"line":117,"column":54}},"53":{"start":{"line":118,"column":6},"end":{"line":120,"column":7}},"54":{"start":{"line":119,"column":8},"end":{"line":119,"column":75}},"55":{"start":{"line":122,"column":6},"end":{"line":122,"column":40}},"56":{"start":{"line":123,"column":6},"end":{"line":123,"column":67}},"57":{"start":{"line":125,"column":6},"end":{"line":125,"column":49}},"58":{"start":{"line":126,"column":6},"end":{"line":126,"column":83}},"59":{"start":{"line":131,"column":4},"end":{"line":155,"column":5}},"60":{"start":{"line":132,"column":21},"end":{"line":132,"column":32}},"61":{"start":{"line":133,"column":6},"end":{"line":133,"column":71}},"62":{"start":{"line":134,"column":20},"end":{"line":134,"column":56}},"63":{"start":{"line":135,"column":6},"end":{"line":135,"column":60}},"64":{"start":{"line":136,"column":6},"end":{"line":136,"column":38}},"65":{"start":{"line":138,"column":6},"end":{"line":138,"column":57}},"66":{"start":{"line":139,"column":6},"end":{"line":139,"column":47}},"67":{"start":{"line":140,"column":6},"end":{"line":140,"column":49}},"68":{"start":{"line":143,"column":6},"end":{"line":145,"column":7}},"69":{"start":{"line":144,"column":8},"end":{"line":144,"column":78}},"70":{"start":{"line":147,"column":6},"end":{"line":149,"column":7}},"71":{"start":{"line":148,"column":8},"end":{"line":148,"column":89}},"72":{"start":{"line":151,"column":6},"end":{"line":154,"column":9}},"73":{"start":{"line":159,"column":0},"end":{"line":159,"column":32}}},"fnMap":{"0":{"name":"(anonymous_0)","decl":{"start":{"line":4,"column":2},"end":{"line":4,"column":3}},"loc":{"start":{"line":4,"column":27},"end":{"line":18,"column":3}},"line":4},"1":{"name":"(anonymous_1)","decl":{"start":{"line":20,"column":2},"end":{"line":20,"column":3}},"loc":{"start":{"line":20,"column":30},"end":{"line":35,"column":3}},"line":20},"2":{"name":"(anonymous_2)","decl":{"start":{"line":37,"column":2},"end":{"line":37,"column":3}},"loc":{"start":{"line":37,"column":29},"end":{"line":63,"column":3}},"line":37},"3":{"name":"(anonymous_3)","decl":{"start":{"line":65,"column":2},"end":{"line":65,"column":3}},"loc":{"start":{"line":65,"column":29},"end":{"line":86,"column":3}},"line":65},"4":{"name":"(anonymous_4)","decl":{"start":{"line":88,"column":2},"end":{"line":88,"column":3}},"loc":{"start":{"line":88,"column":33},"end":{"line":109,"column":3}},"line":88},"5":{"name":"(anonymous_5)","decl":{"start":{"line":111,"column":2},"end":{"line":111,"column":3}},"loc":{"start":{"line":111,"column":29},"end":{"line":128,"column":3}},"line":111},"6":{"name":"(anonymous_6)","decl":{"start":{"line":130,"column":2},"end":{"line":130,"column":3}},"loc":{"start":{"line":130,"column":36},"end":{"line":156,"column":3}},"line":130}},"branchMap":{"0":{"loc":{"start":{"line":26,"column":6},"end":{"line":28,"column":7}},"type":"if","locations":[{"start":{"line":26,"column":6},"end":{"line":28,"column":7}},{"start":{},"end":{}}],"line":26},"1":{"loc":{"start":{"line":73,"column":6},"end":{"line":75,"column":7}},"type":"if","locations":[{"start":{"line":73,"column":6},"end":{"line":75,"column":7}},{"start":{},"end":{}}],"line":73},"2":{"loc":{"start":{"line":96,"column":6},"end":{"line":98,"column":7}},"type":"if","locations":[{"start":{"line":96,"column":6},"end":{"line":98,"column":7}},{"start":{},"end":{}}],"line":96},"3":{"loc":{"start":{"line":102,"column":17},"end":{"line":102,"column":86}},"type":"cond-expr","locations":[{"start":{"line":102,"column":31},"end":{"line":102,"column":56}},{"start":{"line":102,"column":59},"end":{"line":102,"column":86}}],"line":102},"4":{"loc":{"start":{"line":118,"column":6},"end":{"line":120,"column":7}},"type":"if","locations":[{"start":{"line":118,"column":6},"end":{"line":120,"column":7}},{"start":{},"end":{}}],"line":118},"5":{"loc":{"start":{"line":143,"column":6},"end":{"line":145,"column":7}},"type":"if","locations":[{"start":{"line":143,"column":6},"end":{"line":145,"column":7}},{"start":{},"end":{}}],"line":143},"6":{"loc":{"start":{"line":143,"column":10},"end":{"line":143,"column":63}},"type":"binary-expr","locations":[{"start":{"line":143,"column":10},"end":{"line":143,"column":39}},{"start":{"line":143,"column":43},"end":{"line":143,"column":63}}],"line":143},"7":{"loc":{"start":{"line":147,"column":6},"end":{"line":149,"column":7}},"type":"if","locations":[{"start":{"line":147,"column":6},"end":{"line":149,"column":7}},{"start":{},"end":{}}],"line":147},"8":{"loc":{"start":{"line":147,"column":10},"end":{"line":147,"column":69}},"type":"binary-expr","locations":[{"start":{"line":147,"column":10},"end":{"line":147,"column":36}},{"start":{"line":147,"column":40},"end":{"line":147,"column":69}}],"line":147},"9":{"loc":{"start":{"line":153,"column":15},"end":{"line":153,"column":81}},"type":"cond-expr","locations":[{"start":{"line":153,"column":56},"end":{"line":153,"column":69}},{"start":{"line":153,"column":72},"end":{"line":153,"column":81}}],"line":153}},"s":{"0":2,"1":2,"2":0,"3":0,"4":0,"5":0,"6":0,"7":0,"8":0,"9":0,"10":0,"11":0,"12":0,"13":0,"14":0,"15":0,"16":0,"17":0,"18":0,"19":0,"20":0,"21":0,"22":0,"23":0,"24":0,"25":0,"26":0,"27":0,"28":0,"29":0,"30":0,"31":0,"32":0,"33":0,"34":0,"35":0,"36":0,"37":0,"38":0,"39":0,"40":0,"41":0,"42":0,"43":0,"44":0,"45":0,"46":0,"47":0,"48":0,"49":0,"50":0,"51":0,"52":0,"53":0,"54":0,"55":0,"56":0,"57":0,"58":0,"59":0,"60":0,"61":0,"62":0,"63":0,"64":0,"65":0,"66":0,"67":0,"68":0,"69":0,"70":0,"71":0,"72":0,"73":2},"f":{"0":0,"1":0,"2":0,"3":0,"4":0,"5":0,"6":0},"b":{"0":[0,0],"1":[0,0],"2":[0,0],"3":[0,0],"4":[0,0],"5":[0,0],"6":[0,0],"7":[0,0],"8":[0,0],"9":[0,0]},"_coverageSchema":"1a1c01bbd47fc00a2c39e90264f33305004495a9","hash":"68e60753c14395eca74cc62f9c804574d7439093"}
,"I:\\TO DO LIST\\backend\\middlewares\\authMiddleware.js": {"path":"I:\\TO DO LIST\\backend\\middlewares\\authMiddleware.js","statementMap":{"0":{"start":{"line":1,"column":12},"end":{"line":1,"column":35}},"1":{"start":{"line":2,"column":0},"end":{"line":2,"column":27}},"2":{"start":{"line":4,"column":23},"end":{"line":24,"column":1}},"3":{"start":{"line":5,"column":21},"end":{"line":5,"column":49}},"4":{"start":{"line":7,"column":2},"end":{"line":9,"column":3}},"5":{"start":{"line":8,"column":4},"end":{"line":8,"column":86}},"6":{"start":{"line":11,"column":16},"end":{"line":11,"column":40}},"7":{"start":{"line":13,"column":2},"end":{"line":15,"column":3}},"8":{"start":{"line":14,"column":4},"end":{"line":14,"column":74}},"9":{"start":{"line":17,"column":2},"end":{"line":23,"column":3}},"10":{"start":{"line":18,"column":20},"end":{"line":18,"column":104}},"11":{"start":{"line":19,"column":4},"end":{"line":19,"column":23}},"12":{"start":{"line":20,"column":4},"end":{"line":20,"column":11}},"13":{"start":{"line":22,"column":4},"end":{"line":22,"column":90}},"14":{"start":{"line":26,"column":0},"end":{"line":26,"column":32}}},"fnMap":{"0":{"name":"(anonymous_0)","decl":{"start":{"line":4,"column":23},"end":{"line":4,"column":24}},"loc":{"start":{"line":4,"column":43},"end":{"line":24,"column":1}},"line":4}},"branchMap":{"0":{"loc":{"start":{"line":7,"column":2},"end":{"line":9,"column":3}},"type":"if","locations":[{"start":{"line":7,"column":2},"end":{"line":9,"column":3}},{"start":{},"end":{}}],"line":7},"1":{"loc":{"start":{"line":13,"column":2},"end":{"line":15,"column":3}},"type":"if","locations":[{"start":{"line":13,"column":2},"end":{"line":15,"column":3}},{"start":{},"end":{}}],"line":13},"2":{"loc":{"start":{"line":18,"column":38},"end":{"line":18,"column":103}},"type":"binary-expr","locations":[{"start":{"line":18,"column":38},"end":{"line":18,"column":60}},{"start":{"line":18,"column":64},"end":{"line":18,"column":103}}],"line":18}},"s":{"0":2,"1":2,"2":2,"3":5,"4":5,"5":1,"6":4,"7":4,"8":0,"9":4,"10":4,"11":3,"12":3,"13":1,"14":2},"f":{"0":5},"b":{"0":[1,4],"1":[0,4],"2":[4,0]},"_coverageSchema":"1a1c01bbd47fc00a2c39e90264f33305004495a9","hash":"57d7b32783f9eb5c7134f975ea061b9b32747622"}
,"I:\\TO DO LIST\\backend\\middlewares\\validationMiddleware.js": {"path":"I:\\TO DO LIST\\backend\\middlewares\\validationMiddleware.js","statementMap":{"0":{"start":{"line":1,"column":25},"end":{"line":20,"column":1}},"1":{"start":{"line":2,"column":40},"end":{"line":2,"column":48}},"2":{"start":{"line":4,"column":2},"end":{"line":6,"column":3}},"3":{"start":{"line":5,"column":4},"end":{"line":5,"column":101}},"4":{"start":{"line":9,"column":21},"end":{"line":9,"column":49}},"5":{"start":{"line":10,"column":2},"end":{"line":12,"column":3}},"6":{"start":{"line":11,"column":4},"end":{"line":11,"column":74}},"7":{"start":{"line":15,"column":2},"end":{"line":17,"column":3}},"8":{"start":{"line":16,"column":4},"end":{"line":16,"column":90}},"9":{"start":{"line":19,"column":2},"end":{"line":19,"column":9}},"10":{"start":{"line":22,"column":22},"end":{"line":35,"column":1}},"11":{"start":{"line":23,"column":30},"end":{"line":23,"column":38}},"12":{"start":{"line":25,"column":2},"end":{"line":27,"column":3}},"13":{"start":{"line":26,"column":4},"end":{"line":26,"column":80}},"14":{"start":{"line":29,"column":21},"end":{"line":29,"column":49}},"15":{"start":{"line":30,"column":2},"end":{"line":32,"column":3}},"16":{"start":{"line":31,"column":4},"end":{"line":31,"column":74}},"17":{"start":{"line":34,"column":2},"end":{"line":34,"column":9}},"18":{"start":{"line":37,"column":21},"end":{"line":66,"column":1}},"19":{"start":{"line":38,"column":84},"end":{"line":38,"column":92}},"20":{"start":{"line":41,"column":2},"end":{"line":43,"column":3}},"21":{"start":{"line":42,"column":4},"end":{"line":42,"column":108}},"22":{"start":{"line":45,"column":2},"end":{"line":47,"column":3}},"23":{"start":{"line":46,"column":4},"end":{"line":46,"column":86}},"24":{"start":{"line":50,"column":19},"end":{"line":50,"column":57}},"25":{"start":{"line":51,"column":2},"end":{"line":53,"column":3}},"26":{"start":{"line":52,"column":4},"end":{"line":52,"column":107}},"27":{"start":{"line":56,"column":2},"end":{"line":63,"column":3}},"28":{"start":{"line":57,"column":29},"end":{"line":57,"column":74}},"29":{"start":{"line":58,"column":29},"end":{"line":58,"column":56}},"30":{"start":{"line":60,"column":4},"end":{"line":62,"column":5}},"31":{"start":{"line":61,"column":6},"end":{"line":61,"column":95}},"32":{"start":{"line":65,"column":2},"end":{"line":65,"column":9}},"33":{"start":{"line":68,"column":25},"end":{"line":82,"column":1}},"34":{"start":{"line":69,"column":32},"end":{"line":69,"column":40}},"35":{"start":{"line":71,"column":2},"end":{"line":73,"column":3}},"36":{"start":{"line":72,"column":4},"end":{"line":72,"column":93}},"37":{"start":{"line":76,"column":24},"end":{"line":76,"column":41}},"38":{"start":{"line":77,"column":2},"end":{"line":79,"column":3}},"39":{"start":{"line":78,"column":4},"end":{"line":78,"column":101}},"40":{"start":{"line":81,"column":2},"end":{"line":81,"column":9}},"41":{"start":{"line":84,"column":0},"end":{"line":89,"column":2}}},"fnMap":{"0":{"name":"(anonymous_0)","decl":{"start":{"line":1,"column":25},"end":{"line":1,"column":26}},"loc":{"start":{"line":1,"column":45},"end":{"line":20,"column":1}},"line":1},"1":{"name":"(anonymous_1)","decl":{"start":{"line":22,"column":22},"end":{"line":22,"column":23}},"loc":{"start":{"line":22,"column":42},"end":{"line":35,"column":1}},"line":22},"2":{"name":"(anonymous_2)","decl":{"start":{"line":37,"column":21},"end":{"line":37,"column":22}},"loc":{"start":{"line":37,"column":41},"end":{"line":66,"column":1}},"line":37},"3":{"name":"(anonymous_3)","decl":{"start":{"line":68,"column":25},"end":{"line":68,"column":26}},"loc":{"start":{"line":68,"column":45},"end":{"line":82,"column":1}},"line":68}},"branchMap":{"0":{"loc":{"start":{"line":4,"column":2},"end":{"line":6,"column":3}},"type":"if","locations":[{"start":{"line":4,"column":2},"end":{"line":6,"column":3}},{"start":{},"end":{}}],"line":4},"1":{"loc":{"start":{"line":4,"column":6},"end":{"line":4,"column":38}},"type":"binary-expr","locations":[{"start":{"line":4,"column":6},"end":{"line":4,"column":15}},{"start":{"line":4,"column":19},"end":{"line":4,"column":25}},{"start":{"line":4,"column":29},"end":{"line":4,"column":38}}],"line":4},"2":{"loc":{"start":{"line":10,"column":2},"end":{"line":12,"column":3}},"type":"if","locations":[{"start":{"line":10,"column":2},"end":{"line":12,"column":3}},{"start":{},"end":{}}],"line":10},"3":{"loc":{"start":{"line":15,"column":2},"end":{"line":17,"column":3}},"type":"if","locations":[{"start":{"line":15,"column":2},"end":{"line":17,"column":3}},{"start":{},"end":{}}],"line":15},"4":{"loc":{"start":{"line":25,"column":2},"end":{"line":27,"column":3}},"type":"if","locations":[{"start":{"line":25,"column":2},"end":{"line":27,"column":3}},{"start":{},"end":{}}],"line":25},"5":{"loc":{"start":{"line":25,"column":6},"end":{"line":25,"column":25}},"type":"binary-expr","locations":[{"start":{"line":25,"column":6},"end":{"line":25,"column":12}},{"start":{"line":25,"column":16},"end":{"line":25,"column":25}}],"line":25},"6":{"loc":{"start":{"line":30,"column":2},"end":{"line":32,"column":3}},"type":"if","locations":[{"start":{"line":30,"column":2},"end":{"line":32,"column":3}},{"start":{},"end":{}}],"line":30},"7":{"loc":{"start":{"line":41,"column":2},"end":{"line":43,"column":3}},"type":"if","locations":[{"start":{"line":41,"column":2},"end":{"line":43,"column":3}},{"start":{},"end":{}}],"line":41},"8":{"loc":{"start":{"line":41,"column":6},"end":{"line":41,"column":39}},"type":"binary-expr","locations":[{"start":{"line":41,"column":6},"end":{"line":41,"column":12}},{"start":{"line":41,"column":16},"end":{"line":41,"column":39}}],"line":41},"9":{"loc":{"start":{"line":45,"column":2},"end":{"line":47,"column":3}},"type":"if","locations":[{"start":{"line":45,"column":2},"end":{"line":47,"column":3}},{"start":{},"end":{}}],"line":45},"10":{"loc":{"start":{"line":45,"column":6},"end":{"line":45,"column":38}},"type":"binary-expr","locations":[{"start":{"line":45,"column":6},"end":{"line":45,"column":20}},{"start":{"line":45,"column":24},"end":{"line":45,"column":38}}],"line":45},"11":{"loc":{"start":{"line":51,"column":2},"end":{"line":53,"column":3}},"type":"if","locations":[{"start":{"line":51,"column":2},"end":{"line":53,"column":3}},{"start":{},"end":{}}],"line":51},"12":{"loc":{"start":{"line":56,"column":2},"end":{"line":63,"column":3}},"type":"if","locations":[{"start":{"line":56,"column":2},"end":{"line":63,"column":3}},{"start":{},"end":{}}],"line":56},"13":{"loc":{"start":{"line":56,"column":6},"end":{"line":56,"column":68}},"type":"binary-expr","locations":[{"start":{"line":56,"column":6},"end":{"line":56,"column":19}},{"start":{"line":56,"column":23},"end":{"line":56,"column":47}},{"start":{"line":56,"column":51},"end":{"line":56,"column":68}}],"line":56},"14":{"loc":{"start":{"line":60,"column":4},"end":{"line":62,"column":5}},"type":"if","locations":[{"start":{"line":60,"column":4},"end":{"line":62,"column":5}},{"start":{},"end":{}}],"line":60},"15":{"loc":{"start":{"line":71,"column":2},"end":{"line":73,"column":3}},"type":"if","locations":[{"start":{"line":71,"column":2},"end":{"line":73,"column":3}},{"start":{},"end":{}}],"line":71},"16":{"loc":{"start":{"line":71,"column":6},"end":{"line":71,"column":30}},"type":"binary-expr","locations":[{"start":{"line":71,"column":6},"end":{"line":71,"column":11}},{"start":{"line":71,"column":15},"end":{"line":71,"column":21}},{"start":{"line":71,"column":25},"end":{"line":71,"column":30}}],"line":71},"17":{"loc":{"start":{"line":77,"column":2},"end":{"line":79,"column":3}},"type":"if","locations":[{"start":{"line":77,"column":2},"end":{"line":79,"column":3}},{"start":{},"end":{}}],"line":77}},"s":{"0":2,"1":3,"2":3,"3":1,"4":2,"5":2,"6":0,"7":2,"8":0,"9":2,"10":2,"11":3,"12":3,"13":0,"14":3,"15":3,"16":0,"17":3,"18":2,"19":0,"20":0,"21":0,"22":0,"23":0,"24":0,"25":0,"26":0,"27":0,"28":0,"29":0,"30":0,"31":0,"32":0,"33":2,"34":0,"35":0,"36":0,"37":0,"38":0,"39":0,"40":0,"41":2},"f":{"0":3,"1":3,"2":0,"3":0},"b":{"0":[1,2],"1":[3,2,2],"2":[0,2],"3":[0,2],"4":[0,3],"5":[3,3],"6":[0,3],"7":[0,0],"8":[0,0],"9":[0,0],"10":[0,0],"11":[0,0],"12":[0,0],"13":[0,0,0],"14":[0,0],"15":[0,0],"16":[0,0,0],"17":[0,0]},"_coverageSchema":"1a1c01bbd47fc00a2c39e90264f33305004495a9","hash":"60b91e92561331cb7fbffd5e75dc1c43b79e5566"}
,"I:\\TO DO LIST\\backend\\models\\Category.js": {"path":"I:\\TO DO LIST\\backend\\models\\Category.js","statementMap":{"0":{"start":{"line":1,"column":11},"end":{"line":1,"column":34}},"1":{"start":{"line":3,"column":17},"end":{"line":40,"column":1}},"2":{"start":{"line":5,"column":21},"end":{"line":8,"column":5}},"3":{"start":{"line":9,"column":4},"end":{"line":9,"column":63}},"4":{"start":{"line":13,"column":19},"end":{"line":16,"column":5}},"5":{"start":{"line":17,"column":4},"end":{"line":17,"column":16}},"6":{"start":{"line":21,"column":19},"end":{"line":21,"column":82}},"7":{"start":{"line":22,"column":4},"end":{"line":22,"column":27}},"8":{"start":{"line":26,"column":4},"end":{"line":29,"column":6}},"9":{"start":{"line":30,"column":4},"end":{"line":30,"column":29}},"10":{"start":{"line":34,"column":21},"end":{"line":37,"column":5}},"11":{"start":{"line":38,"column":4},"end":{"line":38,"column":35}},"12":{"start":{"line":42,"column":0},"end":{"line":42,"column":26}}},"fnMap":{"0":{"name":"(anonymous_0)","decl":{"start":{"line":4,"column":2},"end":{"line":4,"column":3}},"loc":{"start":{"line":4,"column":47},"end":{"line":10,"column":3}},"line":4},"1":{"name":"(anonymous_1)","decl":{"start":{"line":12,"column":2},"end":{"line":12,"column":3}},"loc":{"start":{"line":12,"column":33},"end":{"line":18,"column":3}},"line":12},"2":{"name":"(anonymous_2)","decl":{"start":{"line":20,"column":2},"end":{"line":20,"column":3}},"loc":{"start":{"line":20,"column":21},"end":{"line":23,"column":3}},"line":20},"3":{"name":"(anonymous_3)","decl":{"start":{"line":25,"column":2},"end":{"line":25,"column":3}},"loc":{"start":{"line":25,"column":51},"end":{"line":31,"column":3}},"line":25},"4":{"name":"(anonymous_4)","decl":{"start":{"line":33,"column":2},"end":{"line":33,"column":3}},"loc":{"start":{"line":33,"column":28},"end":{"line":39,"column":3}},"line":33}},"branchMap":{"0":{"loc":{"start":{"line":22,"column":11},"end":{"line":22,"column":26}},"type":"binary-expr","locations":[{"start":{"line":22,"column":11},"end":{"line":22,"column":18}},{"start":{"line":22,"column":22},"end":{"line":22,"column":26}}],"line":22}},"s":{"0":2,"1":2,"2":0,"3":0,"4":0,"5":0,"6":0,"7":0,"8":0,"9":0,"10":0,"11":0,"12":2},"f":{"0":0,"1":0,"2":0,"3":0,"4":0},"b":{"0":[0,0]},"_coverageSchema":"1a1c01bbd47fc00a2c39e90264f33305004495a9","hash":"0c956be8860e384c24fc2c1cff8b9dd3c4d452c6"}
,"I:\\TO DO LIST\\backend\\models\\Notification.js": {"path":"I:\\TO DO LIST\\backend\\models\\Notification.js","statementMap":{"0":{"start":{"line":1,"column":11},"end":{"line":1,"column":34}},"1":{"start":{"line":3,"column":21},"end":{"line":51,"column":1}},"2":{"start":{"line":5,"column":21},"end":{"line":8,"column":5}},"3":{"start":{"line":9,"column":4},"end":{"line":9,"column":85}},"4":{"start":{"line":13,"column":19},"end":{"line":16,"column":5}},"5":{"start":{"line":17,"column":4},"end":{"line":17,"column":16}},"6":{"start":{"line":21,"column":21},"end":{"line":24,"column":5}},"7":{"start":{"line":25,"column":4},"end":{"line":25,"column":35}},"8":{"start":{"line":29,"column":21},"end":{"line":32,"column":5}},"9":{"start":{"line":33,"column":4},"end":{"line":33,"column":35}},"10":{"start":{"line":37,"column":21},"end":{"line":40,"column":5}},"11":{"start":{"line":41,"column":4},"end":{"line":41,"column":35}},"12":{"start":{"line":45,"column":21},"end":{"line":48,"column":5}},"13":{"start":{"line":49,"column":4},"end":{"line":49,"column":35}},"14":{"start":{"line":53,"column":0},"end":{"line":53,"column":30}}},"fnMap":{"0":{"name":"(anonymous_0)","decl":{"start":{"line":4,"column":2},"end":{"line":4,"column":3}},"loc":{"start":{"line":4,"column":53},"end":{"line":10,"column":3}},"line":4},"1":{"name":"(anonymous_1)","decl":{"start":{"line":12,"column":2},"end":{"line":12,"column":3}},"loc":{"start":{"line":12,"column":33},"end":{"line":18,"column":3}},"line":12},"2":{"name":"(anonymous_2)","decl":{"start":{"line":20,"column":2},"end":{"line":20,"column":3}},"loc":{"start":{"line":20,"column":32},"end":{"line":26,"column":3}},"line":20},"3":{"name":"(anonymous_3)","decl":{"start":{"line":28,"column":2},"end":{"line":28,"column":3}},"loc":{"start":{"line":28,"column":31},"end":{"line":34,"column":3}},"line":28},"4":{"name":"(anonymous_4)","decl":{"start":{"line":36,"column":2},"end":{"line":36,"column":3}},"loc":{"start":{"line":36,"column":28},"end":{"line":42,"column":3}},"line":36},"5":{"name":"(anonymous_5)","decl":{"start":{"line":44,"column":2},"end":{"line":44,"column":3}},"loc":{"start":{"line":44,"column":27},"end":{"line":50,"column":3}},"line":44}},"branchMap":{"0":{"loc":{"start":{"line":7,"column":16},"end":{"line":7,"column":31}},"type":"binary-expr","locations":[{"start":{"line":7,"column":16},"end":{"line":7,"column":23}},{"start":{"line":7,"column":27},"end":{"line":7,"column":31}}],"line":7}},"s":{"0":2,"1":2,"2":0,"3":0,"4":0,"5":0,"6":0,"7":0,"8":0,"9":0,"10":0,"11":0,"12":0,"13":0,"14":2},"f":{"0":0,"1":0,"2":0,"3":0,"4":0,"5":0},"b":{"0":[0,0]},"_coverageSchema":"1a1c01bbd47fc00a2c39e90264f33305004495a9","hash":"c07fcac3c3ca3f0c42cf26a97257b99442fd24f1"}
,"I:\\TO DO LIST\\backend\\models\\Task.js": {"path":"I:\\TO DO LIST\\backend\\models\\Task.js","statementMap":{"0":{"start":{"line":1,"column":11},"end":{"line":1,"column":34}},"1":{"start":{"line":3,"column":13},"end":{"line":202,"column":1}},"2":{"start":{"line":6,"column":18},"end":{"line":12,"column":5}},"3":{"start":{"line":13,"column":4},"end":{"line":13,"column":39}},"4":{"start":{"line":17,"column":21},"end":{"line":21,"column":5}},"5":{"start":{"line":22,"column":4},"end":{"line":22,"column":51}},"6":{"start":{"line":26,"column":4},"end":{"line":26,"column":42}},"7":{"start":{"line":27,"column":18},"end":{"line":32,"column":5}},"8":{"start":{"line":33,"column":19},"end":{"line":33,"column":57}},"9":{"start":{"line":34,"column":4},"end":{"line":34,"column":27}},"10":{"start":{"line":38,"column":4},"end":{"line":38,"column":42}},"11":{"start":{"line":40,"column":16},"end":{"line":45,"column":5}},"12":{"start":{"line":46,"column":19},"end":{"line":46,"column":28}},"13":{"start":{"line":49,"column":4},"end":{"line":53,"column":5}},"14":{"start":{"line":50,"column":6},"end":{"line":50,"column":63}},"15":{"start":{"line":51,"column":29},"end":{"line":51,"column":50}},"16":{"start":{"line":52,"column":6},"end":{"line":52,"column":50}},"17":{"start":{"line":55,"column":4},"end":{"line":58,"column":5}},"18":{"start":{"line":56,"column":6},"end":{"line":56,"column":35}},"19":{"start":{"line":57,"column":6},"end":{"line":57,"column":34}},"20":{"start":{"line":60,"column":4},"end":{"line":63,"column":5}},"21":{"start":{"line":61,"column":6},"end":{"line":61,"column":37}},"22":{"start":{"line":62,"column":6},"end":{"line":62,"column":36}},"23":{"start":{"line":65,"column":4},"end":{"line":68,"column":5}},"24":{"start":{"line":66,"column":6},"end":{"line":66,"column":40}},"25":{"start":{"line":67,"column":6},"end":{"line":67,"column":39}},"26":{"start":{"line":71,"column":4},"end":{"line":83,"column":5}},"27":{"start":{"line":72,"column":6},"end":{"line":72,"column":50}},"28":{"start":{"line":73,"column":11},"end":{"line":83,"column":5}},"29":{"start":{"line":75,"column":6},"end":{"line":75,"column":96}},"30":{"start":{"line":76,"column":11},"end":{"line":83,"column":5}},"31":{"start":{"line":78,"column":6},"end":{"line":78,"column":97}},"32":{"start":{"line":79,"column":11},"end":{"line":83,"column":5}},"33":{"start":{"line":81,"column":6},"end":{"line":81,"column":42}},"34":{"start":{"line":82,"column":6},"end":{"line":82,"column":32}},"35":{"start":{"line":86,"column":18},"end":{"line":86,"column":47}},"36":{"start":{"line":87,"column":22},"end":{"line":87,"column":36}},"37":{"start":{"line":89,"column":4},"end":{"line":99,"column":5}},"38":{"start":{"line":90,"column":6},"end":{"line":90,"column":69}},"39":{"start":{"line":91,"column":11},"end":{"line":99,"column":5}},"40":{"start":{"line":92,"column":6},"end":{"line":92,"column":71}},"41":{"start":{"line":93,"column":11},"end":{"line":99,"column":5}},"42":{"start":{"line":94,"column":6},"end":{"line":94,"column":131}},"43":{"start":{"line":95,"column":11},"end":{"line":99,"column":5}},"44":{"start":{"line":96,"column":6},"end":{"line":96,"column":40}},"45":{"start":{"line":97,"column":11},"end":{"line":99,"column":5}},"46":{"start":{"line":98,"column":6},"end":{"line":98,"column":46}},"47":{"start":{"line":101,"column":4},"end":{"line":101,"column":21}},"48":{"start":{"line":103,"column":19},"end":{"line":103,"column":50}},"49":{"start":{"line":104,"column":4},"end":{"line":104,"column":16}},"50":{"start":{"line":108,"column":130},"end":{"line":108,"column":137}},"51":{"start":{"line":110,"column":23},"end":{"line":110,"column":27}},"52":{"start":{"line":111,"column":4},"end":{"line":114,"column":5}},"53":{"start":{"line":113,"column":6},"end":{"line":113,"column":32}},"54":{"start":{"line":116,"column":4},"end":{"line":134,"column":6}},"55":{"start":{"line":136,"column":4},"end":{"line":136,"column":38}},"56":{"start":{"line":140,"column":19},"end":{"line":140,"column":56}},"57":{"start":{"line":141,"column":25},"end":{"line":141,"column":56}},"58":{"start":{"line":143,"column":4},"end":{"line":146,"column":6}},"59":{"start":{"line":148,"column":4},"end":{"line":148,"column":38}},"60":{"start":{"line":152,"column":21},"end":{"line":155,"column":5}},"61":{"start":{"line":156,"column":4},"end":{"line":156,"column":35}},"62":{"start":{"line":165,"column":21},"end":{"line":175,"column":5}},"63":{"start":{"line":177,"column":18},"end":{"line":177,"column":116}},"64":{"start":{"line":178,"column":4},"end":{"line":178,"column":43}},"65":{"start":{"line":179,"column":4},"end":{"line":179,"column":47}},"66":{"start":{"line":180,"column":4},"end":{"line":180,"column":55}},"67":{"start":{"line":181,"column":4},"end":{"line":181,"column":51}},"68":{"start":{"line":182,"column":4},"end":{"line":182,"column":47}},"69":{"start":{"line":183,"column":4},"end":{"line":183,"column":61}},"70":{"start":{"line":186,"column":4},"end":{"line":186,"column":104}},"71":{"start":{"line":189,"column":23},"end":{"line":197,"column":5}},"72":{"start":{"line":198,"column":4},"end":{"line":198,"column":46}},"73":{"start":{"line":200,"column":4},"end":{"line":200,"column":17}},"74":{"start":{"line":204,"column":0},"end":{"line":204,"column":22}}},"fnMap":{"0":{"name":"(anonymous_0)","decl":{"start":{"line":5,"column":2},"end":{"line":5,"column":3}},"loc":{"start":{"line":5,"column":35},"end":{"line":14,"column":3}},"line":5},"1":{"name":"(anonymous_1)","decl":{"start":{"line":16,"column":2},"end":{"line":16,"column":3}},"loc":{"start":{"line":16,"column":143},"end":{"line":23,"column":3}},"line":16},"2":{"name":"(anonymous_2)","decl":{"start":{"line":25,"column":2},"end":{"line":25,"column":3}},"loc":{"start":{"line":25,"column":30},"end":{"line":35,"column":3}},"line":25},"3":{"name":"(anonymous_3)","decl":{"start":{"line":37,"column":2},"end":{"line":37,"column":3}},"loc":{"start":{"line":37,"column":53},"end":{"line":105,"column":3}},"line":37},"4":{"name":"(anonymous_4)","decl":{"start":{"line":107,"column":2},"end":{"line":107,"column":3}},"loc":{"start":{"line":107,"column":37},"end":{"line":137,"column":3}},"line":107},"5":{"name":"(anonymous_5)","decl":{"start":{"line":139,"column":2},"end":{"line":139,"column":3}},"loc":{"start":{"line":139,"column":49},"end":{"line":149,"column":3}},"line":139},"6":{"name":"(anonymous_6)","decl":{"start":{"line":151,"column":2},"end":{"line":151,"column":3}},"loc":{"start":{"line":151,"column":28},"end":{"line":157,"column":3}},"line":151},"7":{"name":"(anonymous_7)","decl":{"start":{"line":159,"column":2},"end":{"line":159,"column":3}},"loc":{"start":{"line":159,"column":35},"end":{"line":201,"column":3}},"line":159}},"branchMap":{"0":{"loc":{"start":{"line":20,"column":16},"end":{"line":20,"column":35}},"type":"binary-expr","locations":[{"start":{"line":20,"column":16},"end":{"line":20,"column":27}},{"start":{"line":20,"column":31},"end":{"line":20,"column":35}}],"line":20},"1":{"loc":{"start":{"line":20,"column":57},"end":{"line":20,"column":77}},"type":"binary-expr","locations":[{"start":{"line":20,"column":57},"end":{"line":20,"column":65}},{"start":{"line":20,"column":69},"end":{"line":20,"column":77}}],"line":20},"2":{"loc":{"start":{"line":20,"column":79},"end":{"line":20,"column":98}},"type":"binary-expr","locations":[{"start":{"line":20,"column":79},"end":{"line":20,"column":85}},{"start":{"line":20,"column":89},"end":{"line":20,"column":98}}],"line":20},"3":{"loc":{"start":{"line":20,"column":130},"end":{"line":20,"column":153}},"type":"binary-expr","locations":[{"start":{"line":20,"column":130},"end":{"line":20,"column":143}},{"start":{"line":20,"column":147},"end":{"line":20,"column":153}}],"line":20},"4":{"loc":{"start":{"line":20,"column":155},"end":{"line":20,"column":180}},"type":"binary-expr","locations":[{"start":{"line":20,"column":155},"end":{"line":20,"column":172}},{"start":{"line":20,"column":176},"end":{"line":20,"column":180}}],"line":20},"5":{"loc":{"start":{"line":34,"column":11},"end":{"line":34,"column":26}},"type":"binary-expr","locations":[{"start":{"line":34,"column":11},"end":{"line":34,"column":18}},{"start":{"line":34,"column":22},"end":{"line":34,"column":26}}],"line":34},"6":{"loc":{"start":{"line":37,"column":25},"end":{"line":37,"column":37}},"type":"default-arg","locations":[{"start":{"line":37,"column":35},"end":{"line":37,"column":37}}],"line":37},"7":{"loc":{"start":{"line":37,"column":39},"end":{"line":37,"column":51}},"type":"default-arg","locations":[{"start":{"line":37,"column":49},"end":{"line":37,"column":51}}],"line":37},"8":{"loc":{"start":{"line":49,"column":4},"end":{"line":53,"column":5}},"type":"if","locations":[{"start":{"line":49,"column":4},"end":{"line":53,"column":5}},{"start":{},"end":{}}],"line":49},"9":{"loc":{"start":{"line":55,"column":4},"end":{"line":58,"column":5}},"type":"if","locations":[{"start":{"line":55,"column":4},"end":{"line":58,"column":5}},{"start":{},"end":{}}],"line":55},"10":{"loc":{"start":{"line":60,"column":4},"end":{"line":63,"column":5}},"type":"if","locations":[{"start":{"line":60,"column":4},"end":{"line":63,"column":5}},{"start":{},"end":{}}],"line":60},"11":{"loc":{"start":{"line":65,"column":4},"end":{"line":68,"column":5}},"type":"if","locations":[{"start":{"line":65,"column":4},"end":{"line":68,"column":5}},{"start":{},"end":{}}],"line":65},"12":{"loc":{"start":{"line":71,"column":4},"end":{"line":83,"column":5}},"type":"if","locations":[{"start":{"line":71,"column":4},"end":{"line":83,"column":5}},{"start":{"line":73,"column":11},"end":{"line":83,"column":5}}],"line":71},"13":{"loc":{"start":{"line":73,"column":11},"end":{"line":83,"column":5}},"type":"if","locations":[{"start":{"line":73,"column":11},"end":{"line":83,"column":5}},{"start":{"line":76,"column":11},"end":{"line":83,"column":5}}],"line":73},"14":{"loc":{"start":{"line":76,"column":11},"end":{"line":83,"column":5}},"type":"if","locations":[{"start":{"line":76,"column":11},"end":{"line":83,"column":5}},{"start":{"line":79,"column":11},"end":{"line":83,"column":5}}],"line":76},"15":{"loc":{"start":{"line":79,"column":11},"end":{"line":83,"column":5}},"type":"if","locations":[{"start":{"line":79,"column":11},"end":{"line":83,"column":5}},{"start":{},"end":{}}],"line":79},"16":{"loc":{"start":{"line":89,"column":4},"end":{"line":99,"column":5}},"type":"if","locations":[{"start":{"line":89,"column":4},"end":{"line":99,"column":5}},{"start":{"line":91,"column":11},"end":{"line":99,"column":5}}],"line":89},"17":{"loc":{"start":{"line":91,"column":11},"end":{"line":99,"column":5}},"type":"if","locations":[{"start":{"line":91,"column":11},"end":{"line":99,"column":5}},{"start":{"line":93,"column":11},"end":{"line":99,"column":5}}],"line":91},"18":{"loc":{"start":{"line":93,"column":11},"end":{"line":99,"column":5}},"type":"if","locations":[{"start":{"line":93,"column":11},"end":{"line":99,"column":5}},{"start":{"line":95,"column":11},"end":{"line":99,"column":5}}],"line":93},"19":{"loc":{"start":{"line":95,"column":11},"end":{"line":99,"column":5}},"type":"if","locations":[{"start":{"line":95,"column":11},"end":{"line":99,"column":5}},{"start":{"line":97,"column":11},"end":{"line":99,"column":5}}],"line":95},"20":{"loc":{"start":{"line":97,"column":11},"end":{"line":99,"column":5}},"type":"if","locations":[{"start":{"line":97,"column":11},"end":{"line":99,"column":5}},{"start":{},"end":{}}],"line":97},"21":{"loc":{"start":{"line":111,"column":4},"end":{"line":114,"column":5}},"type":"if","locations":[{"start":{"line":111,"column":4},"end":{"line":114,"column":5}},{"start":{},"end":{}}],"line":111},"22":{"loc":{"start":{"line":121,"column":8},"end":{"line":121,"column":27}},"type":"binary-expr","locations":[{"start":{"line":121,"column":8},"end":{"line":121,"column":19}},{"start":{"line":121,"column":23},"end":{"line":121,"column":27}}],"line":121},"23":{"loc":{"start":{"line":123,"column":8},"end":{"line":123,"column":27}},"type":"binary-expr","locations":[{"start":{"line":123,"column":8},"end":{"line":123,"column":19}},{"start":{"line":123,"column":23},"end":{"line":123,"column":27}}],"line":123},"24":{"loc":{"start":{"line":124,"column":8},"end":{"line":124,"column":28}},"type":"binary-expr","locations":[{"start":{"line":124,"column":8},"end":{"line":124,"column":16}},{"start":{"line":124,"column":20},"end":{"line":124,"column":28}}],"line":124},"25":{"loc":{"start":{"line":125,"column":8},"end":{"line":125,"column":27}},"type":"binary-expr","locations":[{"start":{"line":125,"column":8},"end":{"line":125,"column":14}},{"start":{"line":125,"column":18},"end":{"line":125,"column":27}}],"line":125},"26":{"loc":{"start":{"line":128,"column":8},"end":{"line":128,"column":31}},"type":"binary-expr","locations":[{"start":{"line":128,"column":8},"end":{"line":128,"column":21}},{"start":{"line":128,"column":25},"end":{"line":128,"column":31}}],"line":128},"27":{"loc":{"start":{"line":129,"column":8},"end":{"line":129,"column":33}},"type":"binary-expr","locations":[{"start":{"line":129,"column":8},"end":{"line":129,"column":25}},{"start":{"line":129,"column":29},"end":{"line":129,"column":33}}],"line":129},"28":{"loc":{"start":{"line":140,"column":19},"end":{"line":140,"column":56}},"type":"cond-expr","locations":[{"start":{"line":140,"column":33},"end":{"line":140,"column":44}},{"start":{"line":140,"column":47},"end":{"line":140,"column":56}}],"line":140},"29":{"loc":{"start":{"line":141,"column":25},"end":{"line":141,"column":56}},"type":"cond-expr","locations":[{"start":{"line":141,"column":39},"end":{"line":141,"column":49}},{"start":{"line":141,"column":52},"end":{"line":141,"column":56}}],"line":141},"30":{"loc":{"start":{"line":177,"column":18},"end":{"line":177,"column":116}},"type":"binary-expr","locations":[{"start":{"line":177,"column":18},"end":{"line":177,"column":27}},{"start":{"line":177,"column":31},"end":{"line":177,"column":116}}],"line":177},"31":{"loc":{"start":{"line":178,"column":25},"end":{"line":178,"column":41}},"type":"binary-expr","locations":[{"start":{"line":178,"column":25},"end":{"line":178,"column":36}},{"start":{"line":178,"column":40},"end":{"line":178,"column":41}}],"line":178},"32":{"loc":{"start":{"line":179,"column":27},"end":{"line":179,"column":45}},"type":"binary-expr","locations":[{"start":{"line":179,"column":27},"end":{"line":179,"column":40}},{"start":{"line":179,"column":44},"end":{"line":179,"column":45}}],"line":179},"33":{"loc":{"start":{"line":180,"column":31},"end":{"line":180,"column":53}},"type":"binary-expr","locations":[{"start":{"line":180,"column":31},"end":{"line":180,"column":48}},{"start":{"line":180,"column":52},"end":{"line":180,"column":53}}],"line":180},"34":{"loc":{"start":{"line":181,"column":29},"end":{"line":181,"column":49}},"type":"binary-expr","locations":[{"start":{"line":181,"column":29},"end":{"line":181,"column":44}},{"start":{"line":181,"column":48},"end":{"line":181,"column":49}}],"line":181},"35":{"loc":{"start":{"line":182,"column":27},"end":{"line":182,"column":45}},"type":"binary-expr","locations":[{"start":{"line":182,"column":27},"end":{"line":182,"column":40}},{"start":{"line":182,"column":44},"end":{"line":182,"column":45}}],"line":182},"36":{"loc":{"start":{"line":183,"column":34},"end":{"line":183,"column":59}},"type":"binary-expr","locations":[{"start":{"line":183,"column":34},"end":{"line":183,"column":54}},{"start":{"line":183,"column":58},"end":{"line":183,"column":59}}],"line":183},"37":{"loc":{"start":{"line":186,"column":32},"end":{"line":186,"column":103}},"type":"cond-expr","locations":[{"start":{"line":186,"column":50},"end":{"line":186,"column":99}},{"start":{"line":186,"column":102},"end":{"line":186,"column":103}}],"line":186},"38":{"loc":{"start":{"line":198,"column":26},"end":{"line":198,"column":45}},"type":"binary-expr","locations":[{"start":{"line":198,"column":26},"end":{"line":198,"column":37}},{"start":{"line":198,"column":41},"end":{"line":198,"column":45}}],"line":198}},"s":{"0":2,"1":2,"2":0,"3":0,"4":0,"5":0,"6":0,"7":0,"8":0,"9":0,"10":0,"11":0,"12":0,"13":0,"14":0,"15":0,"16":0,"17":0,"18":0,"19":0,"20":0,"21":0,"22":0,"23":0,"24":0,"25":0,"26":0,"27":0,"28":0,"29":0,"30":0,"31":0,"32":0,"33":0,"34":0,"35":0,"36":0,"37":0,"38":0,"39":0,"40":0,"41":0,"42":0,"43":0,"44":0,"45":0,"46":0,"47":0,"48":0,"49":0,"50":0,"51":0,"52":0,"53":0,"54":0,"55":0,"56":0,"57":0,"58":0,"59":0,"60":0,"61":0,"62":0,"63":0,"64":0,"65":0,"66":0,"67":0,"68":0,"69":0,"70":0,"71":0,"72":0,"73":0,"74":2},"f":{"0":0,"1":0,"2":0,"3":0,"4":0,"5":0,"6":0,"7":0},"b":{"0":[0,0],"1":[0,0],"2":[0,0],"3":[0,0],"4":[0,0],"5":[0,0],"6":[0],"7":[0],"8":[0,0],"9":[0,0],"10":[0,0],"11":[0,0],"12":[0,0],"13":[0,0],"14":[0,0],"15":[0,0],"16":[0,0],"17":[0,0],"18":[0,0],"19":[0,0],"20":[0,0],"21":[0,0],"22":[0,0],"23":[0,0],"24":[0,0],"25":[0,0],"26":[0,0],"27":[0,0],"28":[0,0],"29":[0,0],"30":[0,0],"31":[0,0],"32":[0,0],"33":[0,0],"34":[0,0],"35":[0,0],"36":[0,0],"37":[0,0],"38":[0,0]},"_coverageSchema":"1a1c01bbd47fc00a2c39e90264f33305004495a9","hash":"fcc88ce4a30fd388cfd6f5b18137f834749fd4c9"}
,"I:\\TO DO LIST\\backend\\models\\User.js": {"path":"I:\\TO DO LIST\\backend\\models\\User.js","statementMap":{"0":{"start":{"line":1,"column":11},"end":{"line":1,"column":34}},"1":{"start":{"line":3,"column":13},"end":{"line":93,"column":1}},"2":{"start":{"line":5,"column":4},"end":{"line":21,"column":5}},"3":{"start":{"line":6,"column":6},"end":{"line":6,"column":73}},"4":{"start":{"line":7,"column":23},"end":{"line":10,"column":7}},"5":{"start":{"line":11,"column":6},"end":{"line":11,"column":77}},"6":{"start":{"line":12,"column":6},"end":{"line":12,"column":54}},"7":{"start":{"line":14,"column":6},"end":{"line":14,"column":70}},"8":{"start":{"line":15,"column":6},"end":{"line":15,"column":43}},"9":{"start":{"line":16,"column":6},"end":{"line":16,"column":41}},"10":{"start":{"line":17,"column":6},"end":{"line":17,"column":54}},"11":{"start":{"line":18,"column":6},"end":{"line":18,"column":50}},"12":{"start":{"line":19,"column":6},"end":{"line":19,"column":43}},"13":{"start":{"line":20,"column":6},"end":{"line":20,"column":18}},"14":{"start":{"line":25,"column":4},"end":{"line":37,"column":5}},"15":{"start":{"line":26,"column":6},"end":{"line":26,"column":78}},"16":{"start":{"line":27,"column":21},"end":{"line":27,"column":85}},"17":{"start":{"line":28,"column":6},"end":{"line":28,"column":85}},"18":{"start":{"line":29,"column":6},"end":{"line":29,"column":29}},"19":{"start":{"line":31,"column":6},"end":{"line":31,"column":75}},"20":{"start":{"line":32,"column":6},"end":{"line":32,"column":43}},"21":{"start":{"line":33,"column":6},"end":{"line":33,"column":41}},"22":{"start":{"line":34,"column":6},"end":{"line":34,"column":54}},"23":{"start":{"line":35,"column":6},"end":{"line":35,"column":50}},"24":{"start":{"line":36,"column":6},"end":{"line":36,"column":18}},"25":{"start":{"line":41,"column":4},"end":{"line":55,"column":5}},"26":{"start":{"line":42,"column":6},"end":{"line":42,"column":69}},"27":{"start":{"line":43,"column":21},"end":{"line":46,"column":7}},"28":{"start":{"line":47,"column":6},"end":{"line":47,"column":82}},"29":{"start":{"line":48,"column":6},"end":{"line":48,"column":29}},"30":{"start":{"line":50,"column":6},"end":{"line":50,"column":72}},"31":{"start":{"line":51,"column":6},"end":{"line":51,"column":43}},"32":{"start":{"line":52,"column":6},"end":{"line":52,"column":41}},"33":{"start":{"line":53,"column":6},"end":{"line":53,"column":54}},"34":{"start":{"line":54,"column":6},"end":{"line":54,"column":18}},"35":{"start":{"line":59,"column":4},"end":{"line":73,"column":5}},"36":{"start":{"line":60,"column":6},"end":{"line":60,"column":74}},"37":{"start":{"line":61,"column":6},"end":{"line":64,"column":8}},"38":{"start":{"line":65,"column":6},"end":{"line":65,"column":62}},"39":{"start":{"line":66,"column":6},"end":{"line":66,"column":31}},"40":{"start":{"line":68,"column":6},"end":{"line":68,"column":77}},"41":{"start":{"line":69,"column":6},"end":{"line":69,"column":43}},"42":{"start":{"line":70,"column":6},"end":{"line":70,"column":41}},"43":{"start":{"line":71,"column":6},"end":{"line":71,"column":54}},"44":{"start":{"line":72,"column":6},"end":{"line":72,"column":18}},"45":{"start":{"line":77,"column":4},"end":{"line":91,"column":5}},"46":{"start":{"line":78,"column":6},"end":{"line":78,"column":84}},"47":{"start":{"line":79,"column":23},"end":{"line":82,"column":7}},"48":{"start":{"line":83,"column":6},"end":{"line":83,"column":100}},"49":{"start":{"line":84,"column":6},"end":{"line":84,"column":37}},"50":{"start":{"line":86,"column":6},"end":{"line":86,"column":78}},"51":{"start":{"line":87,"column":6},"end":{"line":87,"column":43}},"52":{"start":{"line":88,"column":6},"end":{"line":88,"column":41}},"53":{"start":{"line":89,"column":6},"end":{"line":89,"column":54}},"54":{"start":{"line":90,"column":6},"end":{"line":90,"column":18}},"55":{"start":{"line":95,"column":0},"end":{"line":95,"column":22}},"56":{"start":{"line":97,"column":0},"end":{"line":97,"column":22}}},"fnMap":{"0":{"name":"(anonymous_0)","decl":{"start":{"line":4,"column":2},"end":{"line":4,"column":3}},"loc":{"start":{"line":4,"column":46},"end":{"line":22,"column":3}},"line":4},"1":{"name":"(anonymous_1)","decl":{"start":{"line":24,"column":2},"end":{"line":24,"column":3}},"loc":{"start":{"line":24,"column":27},"end":{"line":38,"column":3}},"line":24},"2":{"name":"(anonymous_2)","decl":{"start":{"line":40,"column":2},"end":{"line":40,"column":3}},"loc":{"start":{"line":40,"column":21},"end":{"line":56,"column":3}},"line":40},"3":{"name":"(anonymous_3)","decl":{"start":{"line":58,"column":2},"end":{"line":58,"column":3}},"loc":{"start":{"line":58,"column":54},"end":{"line":74,"column":3}},"line":58},"4":{"name":"(anonymous_4)","decl":{"start":{"line":76,"column":2},"end":{"line":76,"column":3}},"loc":{"start":{"line":76,"column":43},"end":{"line":92,"column":3}},"line":76}},"branchMap":{"0":{"loc":{"start":{"line":29,"column":13},"end":{"line":29,"column":28}},"type":"binary-expr","locations":[{"start":{"line":29,"column":13},"end":{"line":29,"column":20}},{"start":{"line":29,"column":24},"end":{"line":29,"column":28}}],"line":29},"1":{"loc":{"start":{"line":48,"column":13},"end":{"line":48,"column":28}},"type":"binary-expr","locations":[{"start":{"line":48,"column":13},"end":{"line":48,"column":20}},{"start":{"line":48,"column":24},"end":{"line":48,"column":28}}],"line":48}},"s":{"0":2,"1":2,"2":1,"3":1,"4":1,"5":1,"6":1,"7":0,"8":0,"9":0,"10":0,"11":0,"12":0,"13":0,"14":6,"15":6,"16":6,"17":6,"18":6,"19":0,"20":0,"21":0,"22":0,"23":0,"24":0,"25":2,"26":2,"27":2,"28":2,"29":2,"30":0,"31":0,"32":0,"33":0,"34":0,"35":1,"36":1,"37":1,"38":1,"39":1,"40":0,"41":0,"42":0,"43":0,"44":0,"45":1,"46":1,"47":1,"48":1,"49":1,"50":0,"51":0,"52":0,"53":0,"54":0,"55":2,"56":2},"f":{"0":1,"1":6,"2":2,"3":1,"4":1},"b":{"0":[6,2],"1":[2,0]},"_coverageSchema":"1a1c01bbd47fc00a2c39e90264f33305004495a9","hash":"d478df6944e911befa30adefdc2c8fe5943d26f9"}
,"I:\\TO DO LIST\\backend\\routes\\authRoutes.js": {"path":"I:\\TO DO LIST\\backend\\routes\\authRoutes.js","statementMap":{"0":{"start":{"line":1,"column":16},"end":{"line":1,"column":34}},"1":{"start":{"line":2,"column":15},"end":{"line":2,"column":31}},"2":{"start":{"line":3,"column":23},"end":{"line":3,"column":63}},"3":{"start":{"line":4,"column":23},"end":{"line":4,"column":63}},"4":{"start":{"line":5,"column":44},"end":{"line":5,"column":90}},"5":{"start":{"line":8,"column":0},"end":{"line":8,"column":68}},"6":{"start":{"line":9,"column":0},"end":{"line":9,"column":59}},"7":{"start":{"line":12,"column":0},"end":{"line":12,"column":66}},"8":{"start":{"line":13,"column":0},"end":{"line":13,"column":69}},"9":{"start":{"line":14,"column":0},"end":{"line":14,"column":78}},"10":{"start":{"line":16,"column":0},"end":{"line":16,"column":24}}},"fnMap":{},"branchMap":{},"s":{"0":2,"1":2,"2":2,"3":2,"4":2,"5":2,"6":2,"7":2,"8":2,"9":2,"10":2},"f":{},"b":{},"_coverageSchema":"1a1c01bbd47fc00a2c39e90264f33305004495a9","hash":"d50cee532bbc076091fb0c6a739a4b705789ca2c"}
,"I:\\TO DO LIST\\backend\\routes\\categoryRoutes.js": {"path":"I:\\TO DO LIST\\backend\\routes\\categoryRoutes.js","statementMap":{"0":{"start":{"line":1,"column":16},"end":{"line":1,"column":34}},"1":{"start":{"line":2,"column":15},"end":{"line":2,"column":31}},"2":{"start":{"line":3,"column":27},"end":{"line":3,"column":71}},"3":{"start":{"line":4,"column":23},"end":{"line":4,"column":63}},"4":{"start":{"line":5,"column":29},"end":{"line":5,"column":75}},"5":{"start":{"line":7,"column":0},"end":{"line":7,"column":27}},"6":{"start":{"line":9,"column":0},"end":{"line":9,"column":50}},"7":{"start":{"line":10,"column":0},"end":{"line":10,"column":70}},"8":{"start":{"line":11,"column":0},"end":{"line":11,"column":72}},"9":{"start":{"line":12,"column":0},"end":{"line":12,"column":57}},"10":{"start":{"line":14,"column":0},"end":{"line":14,"column":24}}},"fnMap":{},"branchMap":{},"s":{"0":2,"1":2,"2":2,"3":2,"4":2,"5":2,"6":2,"7":2,"8":2,"9":2,"10":2},"f":{},"b":{},"_coverageSchema":"1a1c01bbd47fc00a2c39e90264f33305004495a9","hash":"03da325816502990b198a9f5266d32c2f3e1f547"}
,"I:\\TO DO LIST\\backend\\routes\\notificationRoutes.js": {"path":"I:\\TO DO LIST\\backend\\routes\\notificationRoutes.js","statementMap":{"0":{"start":{"line":1,"column":16},"end":{"line":1,"column":34}},"1":{"start":{"line":2,"column":15},"end":{"line":2,"column":31}},"2":{"start":{"line":3,"column":31},"end":{"line":3,"column":79}},"3":{"start":{"line":4,"column":23},"end":{"line":4,"column":63}},"4":{"start":{"line":6,"column":0},"end":{"line":6,"column":27}},"5":{"start":{"line":8,"column":0},"end":{"line":8,"column":57}},"6":{"start":{"line":9,"column":0},"end":{"line":9,"column":60}},"7":{"start":{"line":10,"column":0},"end":{"line":10,"column":62}},"8":{"start":{"line":11,"column":0},"end":{"line":11,"column":59}},"9":{"start":{"line":12,"column":0},"end":{"line":12,"column":65}},"10":{"start":{"line":13,"column":0},"end":{"line":13,"column":66}},"11":{"start":{"line":15,"column":0},"end":{"line":15,"column":24}}},"fnMap":{},"branchMap":{},"s":{"0":2,"1":2,"2":2,"3":2,"4":2,"5":2,"6":2,"7":2,"8":2,"9":2,"10":2,"11":2},"f":{},"b":{},"_coverageSchema":"1a1c01bbd47fc00a2c39e90264f33305004495a9","hash":"419f7a13f8a949fa9ccd063ae1c4d8add617a29c"}
,"I:\\TO DO LIST\\backend\\routes\\taskRoutes.js": {"path":"I:\\TO DO LIST\\backend\\routes\\taskRoutes.js","statementMap":{"0":{"start":{"line":1,"column":16},"end":{"line":1,"column":34}},"1":{"start":{"line":2,"column":15},"end":{"line":2,"column":31}},"2":{"start":{"line":3,"column":23},"end":{"line":3,"column":63}},"3":{"start":{"line":4,"column":23},"end":{"line":4,"column":63}},"4":{"start":{"line":5,"column":25},"end":{"line":5,"column":71}},"5":{"start":{"line":7,"column":0},"end":{"line":7,"column":27}},"6":{"start":{"line":10,"column":0},"end":{"line":10,"column":55}},"7":{"start":{"line":12,"column":0},"end":{"line":12,"column":41}},"8":{"start":{"line":13,"column":0},"end":{"line":13,"column":47}},"9":{"start":{"line":14,"column":0},"end":{"line":14,"column":58}},"10":{"start":{"line":15,"column":0},"end":{"line":15,"column":60}},"11":{"start":{"line":16,"column":0},"end":{"line":16,"column":57}},"12":{"start":{"line":17,"column":0},"end":{"line":17,"column":49}},"13":{"start":{"line":19,"column":0},"end":{"line":19,"column":24}}},"fnMap":{},"branchMap":{},"s":{"0":2,"1":2,"2":2,"3":2,"4":2,"5":2,"6":2,"7":2,"8":2,"9":2,"10":2,"11":2,"12":2,"13":2},"f":{},"b":{},"_coverageSchema":"1a1c01bbd47fc00a2c39e90264f33305004495a9","hash":"32912fcf8aedd5bf43a45a1d3b6aa0b34e519c5c"}
}
