TN:
SF:controllers\authController.js
FN:9,(anonymous_0)
FN:107,(anonymous_1)
FN:202,(anonymous_2)
FN:215,(anonymous_3)
FN:247,(anonymous_4)
FNF:5
FNH:2
FNDA:1,(anonymous_0)
FNDA:1,(anonymous_1)
FNDA:0,(anonymous_2)
FNDA:0,(anonymous_3)
FNDA:0,(anonymous_4)
DA:1,1
DA:2,1
DA:3,1
DA:4,1
DA:6,1
DA:8,1
DA:10,1
DA:11,1
DA:12,1
DA:14,1
DA:17,1
DA:18,0
DA:19,0
DA:23,1
DA:25,1
DA:26,1
DA:27,1
DA:29,0
DA:30,0
DA:31,0
DA:32,0
DA:33,0
DA:34,0
DA:41,1
DA:42,0
DA:43,0
DA:47,1
DA:49,1
DA:50,1
DA:51,1
DA:52,1
DA:54,0
DA:55,0
DA:62,1
DA:64,1
DA:65,1
DA:70,1
DA:72,0
DA:73,0
DA:74,0
DA:75,0
DA:76,0
DA:77,0
DA:84,1
DA:85,1
DA:94,0
DA:95,0
DA:96,0
DA:97,0
DA:98,0
DA:99,0
DA:108,1
DA:109,1
DA:110,1
DA:112,1
DA:115,1
DA:116,0
DA:117,0
DA:121,1
DA:123,1
DA:124,1
DA:125,1
DA:127,0
DA:128,0
DA:129,0
DA:130,0
DA:131,0
DA:132,0
DA:139,1
DA:140,0
DA:141,0
DA:145,1
DA:147,1
DA:148,1
DA:149,1
DA:151,0
DA:152,0
DA:158,1
DA:159,0
DA:160,0
DA:164,1
DA:165,1
DA:166,1
DA:171,1
DA:173,1
DA:175,1
DA:176,1
DA:182,0
DA:183,0
DA:189,0
DA:190,0
DA:191,0
DA:192,0
DA:193,0
DA:194,0
DA:203,0
DA:204,0
DA:205,0
DA:206,0
DA:208,0
DA:210,0
DA:211,0
DA:216,0
DA:217,0
DA:218,0
DA:220,0
DA:221,0
DA:225,0
DA:226,0
DA:227,0
DA:231,0
DA:232,0
DA:233,0
DA:236,0
DA:237,0
DA:242,0
DA:243,0
DA:248,0
DA:249,0
DA:250,0
DA:252,0
DA:253,0
DA:256,0
DA:257,0
DA:261,0
DA:262,0
DA:263,0
DA:264,0
DA:267,0
DA:268,0
DA:269,0
DA:273,0
DA:274,0
DA:276,0
DA:277,0
DA:279,0
DA:280,0
DA:285,1
LF:138
LH:50
BRDA:6,0,0,1
BRDA:6,0,1,0
BRDA:17,1,0,0
BRDA:17,1,1,1
BRDA:17,2,0,1
BRDA:17,2,1,1
BRDA:17,2,2,1
BRDA:27,3,0,0
BRDA:27,3,1,1
BRDA:41,4,0,0
BRDA:41,4,1,1
BRDA:115,5,0,0
BRDA:115,5,1,1
BRDA:115,6,0,1
BRDA:115,6,1,1
BRDA:125,7,0,1
BRDA:125,7,1,0
BRDA:139,8,0,0
BRDA:139,8,1,1
BRDA:149,9,0,1
BRDA:149,9,1,0
BRDA:158,10,0,0
BRDA:158,10,1,1
BRDA:205,11,0,0
BRDA:205,11,1,0
BRDA:220,12,0,0
BRDA:220,12,1,0
BRDA:220,13,0,0
BRDA:220,13,1,0
BRDA:226,14,0,0
BRDA:226,14,1,0
BRDA:232,15,0,0
BRDA:232,15,1,0
BRDA:232,16,0,0
BRDA:232,16,1,0
BRDA:252,17,0,0
BRDA:252,17,1,0
BRDA:252,18,0,0
BRDA:252,18,1,0
BRDA:256,19,0,0
BRDA:256,19,1,0
BRDA:263,20,0,0
BRDA:263,20,1,0
BRDA:268,21,0,0
BRDA:268,21,1,0
BRF:45
BRH:14
end_of_record
TN:
SF:controllers\categoryController.js
FN:4,(anonymous_0)
FN:15,(anonymous_1)
FN:37,(anonymous_2)
FN:63,(anonymous_3)
FNF:4
FNH:0
FNDA:0,(anonymous_0)
FNDA:0,(anonymous_1)
FNDA:0,(anonymous_2)
FNDA:0,(anonymous_3)
DA:1,1
DA:3,1
DA:5,0
DA:6,0
DA:7,0
DA:8,0
DA:10,0
DA:11,0
DA:16,0
DA:17,0
DA:18,0
DA:20,0
DA:27,0
DA:32,0
DA:33,0
DA:38,0
DA:39,0
DA:40,0
DA:41,0
DA:44,0
DA:45,0
DA:46,0
DA:48,0
DA:49,0
DA:52,0
DA:53,0
DA:58,0
DA:59,0
DA:64,0
DA:65,0
DA:66,0
DA:69,0
DA:70,0
DA:71,0
DA:73,0
DA:74,0
DA:77,0
DA:78,0
DA:80,0
DA:81,0
DA:86,1
LF:41
LH:3
BRDA:45,0,0,0
BRDA:45,0,1,0
BRDA:48,1,0,0
BRDA:48,1,1,0
BRDA:70,2,0,0
BRDA:70,2,1,0
BRDA:73,3,0,0
BRDA:73,3,1,0
BRF:8
BRH:0
end_of_record
TN:
SF:controllers\notificationController.js
FN:4,(anonymous_0)
FN:15,(anonymous_1)
FN:28,(anonymous_2)
FN:40,(anonymous_3)
FN:53,(anonymous_4)
FN:65,(anonymous_5)
FNF:6
FNH:6
FNDA:1,(anonymous_0)
FNDA:1,(anonymous_1)
FNDA:1,(anonymous_2)
FNDA:1,(anonymous_3)
FNDA:1,(anonymous_4)
FNDA:3,(anonymous_5)
DA:1,1
DA:3,1
DA:5,1
DA:6,1
DA:7,1
DA:8,1
DA:10,0
DA:11,0
DA:16,1
DA:17,1
DA:18,1
DA:20,1
DA:21,1
DA:23,0
DA:24,0
DA:29,1
DA:30,1
DA:32,1
DA:33,1
DA:35,0
DA:36,0
DA:41,1
DA:42,1
DA:43,1
DA:45,1
DA:46,1
DA:48,0
DA:49,0
DA:54,1
DA:55,1
DA:57,1
DA:58,1
DA:60,0
DA:61,0
DA:66,3
DA:67,3
DA:68,3
DA:70,3
DA:71,1
DA:74,2
DA:81,2
DA:86,0
DA:87,0
DA:92,1
LF:44
LH:32
BRDA:70,0,0,1
BRDA:70,0,1,2
BRDA:70,1,0,3
BRDA:70,1,1,2
BRF:4
BRH:4
end_of_record
TN:
SF:controllers\taskController.js
FN:4,(anonymous_0)
FN:20,(anonymous_1)
FN:37,(anonymous_2)
FN:65,(anonymous_3)
FN:88,(anonymous_4)
FN:111,(anonymous_5)
FN:130,(anonymous_6)
FNF:7
FNH:0
FNDA:0,(anonymous_0)
FNDA:0,(anonymous_1)
FNDA:0,(anonymous_2)
FNDA:0,(anonymous_3)
FNDA:0,(anonymous_4)
FNDA:0,(anonymous_5)
FNDA:0,(anonymous_6)
DA:1,1
DA:3,1
DA:5,0
DA:6,0
DA:7,0
DA:9,0
DA:10,0
DA:12,0
DA:13,0
DA:15,0
DA:16,0
DA:21,0
DA:22,0
DA:23,0
DA:25,0
DA:26,0
DA:27,0
DA:30,0
DA:32,0
DA:33,0
DA:38,0
DA:39,0
DA:40,0
DA:42,0
DA:55,0
DA:60,0
DA:61,0
DA:66,0
DA:67,0
DA:68,0
DA:69,0
DA:72,0
DA:73,0
DA:74,0
DA:77,0
DA:78,0
DA:83,0
DA:84,0
DA:89,0
DA:90,0
DA:91,0
DA:92,0
DA:95,0
DA:96,0
DA:97,0
DA:100,0
DA:101,0
DA:106,0
DA:107,0
DA:112,0
DA:113,0
DA:114,0
DA:117,0
DA:118,0
DA:119,0
DA:122,0
DA:123,0
DA:125,0
DA:126,0
DA:131,0
DA:132,0
DA:133,0
DA:134,0
DA:135,0
DA:136,0
DA:138,0
DA:139,0
DA:140,0
DA:143,0
DA:144,0
DA:147,0
DA:148,0
DA:151,0
DA:159,1
LF:74
LH:3
BRDA:26,0,0,0
BRDA:26,0,1,0
BRDA:73,1,0,0
BRDA:73,1,1,0
BRDA:96,2,0,0
BRDA:96,2,1,0
BRDA:102,3,0,0
BRDA:102,3,1,0
BRDA:118,4,0,0
BRDA:118,4,1,0
BRDA:143,5,0,0
BRDA:143,5,1,0
BRDA:143,6,0,0
BRDA:143,6,1,0
BRDA:147,7,0,0
BRDA:147,7,1,0
BRDA:147,8,0,0
BRDA:147,8,1,0
BRDA:153,9,0,0
BRDA:153,9,1,0
BRF:20
BRH:0
end_of_record
TN:
SF:middlewares\authMiddleware.js
FN:4,(anonymous_0)
FNF:1
FNH:1
FNDA:10,(anonymous_0)
DA:1,1
DA:2,1
DA:4,1
DA:5,10
DA:7,10
DA:8,2
DA:11,8
DA:13,8
DA:14,0
DA:17,8
DA:18,8
DA:19,8
DA:20,8
DA:22,0
DA:26,1
LF:15
LH:13
BRDA:7,0,0,2
BRDA:7,0,1,8
BRDA:13,1,0,0
BRDA:13,1,1,8
BRDA:18,2,0,8
BRDA:18,2,1,0
BRF:6
BRH:4
end_of_record
TN:
SF:middlewares\validationMiddleware.js
FN:1,(anonymous_0)
FN:22,(anonymous_1)
FN:37,(anonymous_2)
FN:68,(anonymous_3)
FNF:4
FNH:2
FNDA:1,(anonymous_0)
FNDA:1,(anonymous_1)
FNDA:0,(anonymous_2)
FNDA:0,(anonymous_3)
DA:1,1
DA:2,1
DA:4,1
DA:5,0
DA:9,1
DA:10,1
DA:11,0
DA:15,1
DA:16,0
DA:19,1
DA:22,1
DA:23,1
DA:25,1
DA:26,0
DA:29,1
DA:30,1
DA:31,0
DA:34,1
DA:37,1
DA:38,0
DA:41,0
DA:42,0
DA:45,0
DA:46,0
DA:50,0
DA:51,0
DA:52,0
DA:56,0
DA:57,0
DA:58,0
DA:60,0
DA:61,0
DA:65,0
DA:68,1
DA:69,0
DA:71,0
DA:72,0
DA:76,0
DA:77,0
DA:78,0
DA:81,0
DA:84,1
LF:42
LH:16
BRDA:4,0,0,0
BRDA:4,0,1,1
BRDA:4,1,0,1
BRDA:4,1,1,1
BRDA:4,1,2,1
BRDA:10,2,0,0
BRDA:10,2,1,1
BRDA:15,3,0,0
BRDA:15,3,1,1
BRDA:25,4,0,0
BRDA:25,4,1,1
BRDA:25,5,0,1
BRDA:25,5,1,1
BRDA:30,6,0,0
BRDA:30,6,1,1
BRDA:41,7,0,0
BRDA:41,7,1,0
BRDA:41,8,0,0
BRDA:41,8,1,0
BRDA:45,9,0,0
BRDA:45,9,1,0
BRDA:45,10,0,0
BRDA:45,10,1,0
BRDA:51,11,0,0
BRDA:51,11,1,0
BRDA:56,12,0,0
BRDA:56,12,1,0
BRDA:56,13,0,0
BRDA:56,13,1,0
BRDA:56,13,2,0
BRDA:60,14,0,0
BRDA:60,14,1,0
BRDA:71,15,0,0
BRDA:71,15,1,0
BRDA:71,16,0,0
BRDA:71,16,1,0
BRDA:71,16,2,0
BRDA:77,17,0,0
BRDA:77,17,1,0
BRF:39
BRH:10
end_of_record
TN:
SF:models\Category.js
FN:4,(anonymous_0)
FN:12,(anonymous_1)
FN:20,(anonymous_2)
FN:25,(anonymous_3)
FN:33,(anonymous_4)
FNF:5
FNH:0
FNDA:0,(anonymous_0)
FNDA:0,(anonymous_1)
FNDA:0,(anonymous_2)
FNDA:0,(anonymous_3)
FNDA:0,(anonymous_4)
DA:1,1
DA:3,1
DA:5,0
DA:9,0
DA:13,0
DA:17,0
DA:21,0
DA:22,0
DA:26,0
DA:30,0
DA:34,0
DA:38,0
DA:42,1
LF:13
LH:3
BRDA:22,0,0,0
BRDA:22,0,1,0
BRF:2
BRH:0
end_of_record
TN:
SF:models\Notification.js
FN:4,(anonymous_0)
FN:12,(anonymous_1)
FN:20,(anonymous_2)
FN:28,(anonymous_3)
FN:36,(anonymous_4)
FN:44,(anonymous_5)
FNF:6
FNH:6
FNDA:2,(anonymous_0)
FNDA:1,(anonymous_1)
FNDA:1,(anonymous_2)
FNDA:1,(anonymous_3)
FNDA:1,(anonymous_4)
FNDA:1,(anonymous_5)
DA:1,1
DA:3,1
DA:5,2
DA:9,2
DA:13,1
DA:17,1
DA:21,1
DA:25,1
DA:29,1
DA:33,1
DA:37,1
DA:41,1
DA:45,1
DA:49,1
DA:53,1
LF:15
LH:15
BRDA:7,0,0,2
BRDA:7,0,1,2
BRF:2
BRH:2
end_of_record
TN:
SF:models\Task.js
FN:5,(anonymous_0)
FN:16,(anonymous_1)
FN:25,(anonymous_2)
FN:37,(anonymous_3)
FN:107,(anonymous_4)
FN:139,(anonymous_5)
FN:151,(anonymous_6)
FN:159,(anonymous_7)
FNF:8
FNH:0
FNDA:0,(anonymous_0)
FNDA:0,(anonymous_1)
FNDA:0,(anonymous_2)
FNDA:0,(anonymous_3)
FNDA:0,(anonymous_4)
FNDA:0,(anonymous_5)
FNDA:0,(anonymous_6)
FNDA:0,(anonymous_7)
DA:1,1
DA:3,1
DA:6,0
DA:13,0
DA:17,0
DA:22,0
DA:26,0
DA:27,0
DA:33,0
DA:34,0
DA:38,0
DA:40,0
DA:46,0
DA:49,0
DA:50,0
DA:51,0
DA:52,0
DA:55,0
DA:56,0
DA:57,0
DA:60,0
DA:61,0
DA:62,0
DA:65,0
DA:66,0
DA:67,0
DA:71,0
DA:72,0
DA:73,0
DA:75,0
DA:76,0
DA:78,0
DA:79,0
DA:81,0
DA:82,0
DA:86,0
DA:87,0
DA:89,0
DA:90,0
DA:91,0
DA:92,0
DA:93,0
DA:94,0
DA:95,0
DA:96,0
DA:97,0
DA:98,0
DA:101,0
DA:103,0
DA:104,0
DA:108,0
DA:110,0
DA:111,0
DA:113,0
DA:116,0
DA:136,0
DA:140,0
DA:141,0
DA:143,0
DA:148,0
DA:152,0
DA:156,0
DA:165,0
DA:177,0
DA:178,0
DA:179,0
DA:180,0
DA:181,0
DA:182,0
DA:183,0
DA:186,0
DA:189,0
DA:198,0
DA:200,0
DA:204,1
LF:75
LH:3
BRDA:20,0,0,0
BRDA:20,0,1,0
BRDA:20,1,0,0
BRDA:20,1,1,0
BRDA:20,2,0,0
BRDA:20,2,1,0
BRDA:20,3,0,0
BRDA:20,3,1,0
BRDA:20,4,0,0
BRDA:20,4,1,0
BRDA:34,5,0,0
BRDA:34,5,1,0
BRDA:37,6,0,0
BRDA:37,7,0,0
BRDA:49,8,0,0
BRDA:49,8,1,0
BRDA:55,9,0,0
BRDA:55,9,1,0
BRDA:60,10,0,0
BRDA:60,10,1,0
BRDA:65,11,0,0
BRDA:65,11,1,0
BRDA:71,12,0,0
BRDA:71,12,1,0
BRDA:73,13,0,0
BRDA:73,13,1,0
BRDA:76,14,0,0
BRDA:76,14,1,0
BRDA:79,15,0,0
BRDA:79,15,1,0
BRDA:89,16,0,0
BRDA:89,16,1,0
BRDA:91,17,0,0
BRDA:91,17,1,0
BRDA:93,18,0,0
BRDA:93,18,1,0
BRDA:95,19,0,0
BRDA:95,19,1,0
BRDA:97,20,0,0
BRDA:97,20,1,0
BRDA:111,21,0,0
BRDA:111,21,1,0
BRDA:121,22,0,0
BRDA:121,22,1,0
BRDA:123,23,0,0
BRDA:123,23,1,0
BRDA:124,24,0,0
BRDA:124,24,1,0
BRDA:125,25,0,0
BRDA:125,25,1,0
BRDA:128,26,0,0
BRDA:128,26,1,0
BRDA:129,27,0,0
BRDA:129,27,1,0
BRDA:140,28,0,0
BRDA:140,28,1,0
BRDA:141,29,0,0
BRDA:141,29,1,0
BRDA:177,30,0,0
BRDA:177,30,1,0
BRDA:178,31,0,0
BRDA:178,31,1,0
BRDA:179,32,0,0
BRDA:179,32,1,0
BRDA:180,33,0,0
BRDA:180,33,1,0
BRDA:181,34,0,0
BRDA:181,34,1,0
BRDA:182,35,0,0
BRDA:182,35,1,0
BRDA:183,36,0,0
BRDA:183,36,1,0
BRDA:186,37,0,0
BRDA:186,37,1,0
BRDA:198,38,0,0
BRDA:198,38,1,0
BRF:76
BRH:0
end_of_record
TN:
SF:models\User.js
FN:4,(anonymous_0)
FN:24,(anonymous_1)
FN:40,(anonymous_2)
FN:58,(anonymous_3)
FN:76,(anonymous_4)
FNF:5
FNH:2
FNDA:1,(anonymous_0)
FNDA:2,(anonymous_1)
FNDA:0,(anonymous_2)
FNDA:0,(anonymous_3)
FNDA:0,(anonymous_4)
DA:1,1
DA:3,1
DA:5,1
DA:6,1
DA:7,1
DA:11,1
DA:12,1
DA:14,0
DA:15,0
DA:16,0
DA:17,0
DA:18,0
DA:19,0
DA:20,0
DA:25,2
DA:26,2
DA:27,2
DA:28,2
DA:29,2
DA:31,0
DA:32,0
DA:33,0
DA:34,0
DA:35,0
DA:36,0
DA:41,0
DA:42,0
DA:43,0
DA:47,0
DA:48,0
DA:50,0
DA:51,0
DA:52,0
DA:53,0
DA:54,0
DA:59,0
DA:60,0
DA:61,0
DA:65,0
DA:66,0
DA:68,0
DA:69,0
DA:70,0
DA:71,0
DA:72,0
DA:77,0
DA:78,0
DA:79,0
DA:83,0
DA:84,0
DA:86,0
DA:87,0
DA:88,0
DA:89,0
DA:90,0
DA:95,1
DA:97,1
LF:57
LH:14
BRDA:29,0,0,2
BRDA:29,0,1,1
BRDA:48,1,0,0
BRDA:48,1,1,0
BRF:4
BRH:2
end_of_record
TN:
SF:routes\authRoutes.js
FNF:0
FNH:0
DA:1,1
DA:2,1
DA:3,1
DA:4,1
DA:5,1
DA:8,1
DA:9,1
DA:12,1
DA:13,1
DA:14,1
DA:16,1
LF:11
LH:11
BRF:0
BRH:0
end_of_record
TN:
SF:routes\categoryRoutes.js
FNF:0
FNH:0
DA:1,1
DA:2,1
DA:3,1
DA:4,1
DA:5,1
DA:7,1
DA:9,1
DA:10,1
DA:11,1
DA:12,1
DA:14,1
LF:11
LH:11
BRF:0
BRH:0
end_of_record
TN:
SF:routes\notificationRoutes.js
FNF:0
FNH:0
DA:1,1
DA:2,1
DA:3,1
DA:4,1
DA:6,1
DA:8,1
DA:9,1
DA:10,1
DA:11,1
DA:12,1
DA:13,1
DA:15,1
LF:12
LH:12
BRF:0
BRH:0
end_of_record
TN:
SF:routes\taskRoutes.js
FNF:0
FNH:0
DA:1,1
DA:2,1
DA:3,1
DA:4,1
DA:5,1
DA:7,1
DA:10,1
DA:12,1
DA:13,1
DA:14,1
DA:15,1
DA:16,1
DA:17,1
DA:19,1
LF:14
LH:14
BRF:0
BRH:0
end_of_record
